<?xml version="1.0" encoding="UTF-8"?>
<robot generator="Robot 4.1.1 (Python 3.9.7 on win32)" generated="20211013 12:44:37.092" rpa="false" schemaversion="2">
<suite id="s1" name="Excel With Get" source="C:\Users\user\PycharmProjects\testfile1\excel_with_get.robot">
<test id="s1-t1" name="Taking data from web to excel">
<kw name="GET" library="RequestsLibrary">
<var>${response}</var>
<arg>${base_url}</arg>
<doc>Sends a GET request.</doc>
<msg timestamp="20211013 12:44:38.801" level="INFO">GET Request : url=https://jsonplaceholder.typicode.com/posts 
 path_url=/posts 
 headers={'User-Agent': 'python-requests/2.26.0', 'Accept-Encoding': 'gzip, deflate', 'Accept': '*/*', 'Connection': 'keep-alive'} 
 body=None 
 </msg>
<msg timestamp="20211013 12:44:38.802" level="INFO">GET Response : url=https://jsonplaceholder.typicode.com/posts 
 status=200, reason=OK 
 headers={'Date': 'Wed, 13 Oct 2021 07:14:39 GMT', 'Content-Type': 'application/json; charset=utf-8', 'Transfer-Encoding': 'chunked', 'Connection': 'keep-alive', 'x-powered-by': 'Express', 'x-ratelimit-limit': '1000', 'x-ratelimit-remaining': '999', 'x-ratelimit-reset': '1632688158', 'vary': 'Origin, Accept-Encoding', 'access-control-allow-credentials': 'true', 'cache-control': 'max-age=43200', 'pragma': 'no-cache', 'expires': '-1', 'x-content-type-options': 'nosniff', 'etag': 'W/"6b80-Ybsq/K6GwwqrYkAsFxqDXGC7DoM"', 'content-encoding': 'gzip', 'via': '1.1 vegur', 'CF-Cache-Status': 'HIT', 'Age': '1374', 'Expect-CT': 'max-age=604800, report-uri="https://report-uri.cloudflare.com/cdn-cgi/beacon/expect-ct"', 'Report-To': '{"endpoints":[{"url":"https:\\/\\/a.nel.cloudflare.com\\/report\\/v3?s=KfoFtJ%2BNRTTk1XOfSX4c7M3gHofQ2O4KllkXnOaZpr%2BGhIKUMs1GppUA7pW9BgBStyMVi2J28mx57Jx3clo2NTtHQYJ2PTFi5OGRABH2C71yfumJBn%2FNPngLtxGJEtIucQXBP9p%2BxMbbPne6busv%2FVNt2F%2BTUjrPkmWc"}],"group":"cf-nel","max_age":604800}', 'NEL': '{"success_fraction":0,"report_to":"cf-nel","max_age":604800}', 'Server': 'cloudflare', 'CF-RAY': '69d6c5b29af4e918-MRS', 'alt-svc': 'h3=":443"; ma=86400, h3-29=":443"; ma=86400, h3-28=":443"; ma=86400, h3-27=":443"; ma=86400'} 
 body=[
  {
    "userId": 1,
    "id": 1,
    "title": "sunt aut facere repellat provident occaecati excepturi optio reprehenderit",
    "body": "quia et suscipit\nsuscipit recusandae consequuntur expedita et cum\nreprehenderit molestiae ut ut quas totam\nnostrum rerum est autem sunt rem eveniet architecto"
  },
  {
    "userId": 1,
    "id": 2,
    "title": "qui est esse",
    "body": "est rerum tempore vitae\nsequi sint nihil reprehenderit dolor beatae ea dolores neque\nfugiat blanditiis voluptate porro vel nihil molestiae ut reiciendis\nqui aperiam non debitis possimus qui neque nisi nulla"
  },
  {
    "userId": 1,
    "id": 3,
    "title": "ea molestias quasi exercitationem repellat qui ipsa sit aut",
    "body": "et iusto sed quo iure\nvoluptatem occaecati omnis eligendi aut ad\nvoluptatem doloribus vel accusantium quis pariatur\nmolestiae porro eius odio et labore et velit aut"
  },
  {
    "userId": 1,
    "id": 4,
    "title": "eum et est occaecati",
    "body": "ullam et saepe reiciendis voluptatem adipisci\nsit amet autem assumenda provident rerum culpa\nquis hic commodi nesciunt rem tenetur doloremque ipsam iure\nquis sunt voluptatem rerum illo velit"
  },
  {
    "userId": 1,
    "id": 5,
    "title": "nesciunt quas odio",
    "body": "repudiandae veniam quaerat sunt sed\nalias aut fugiat sit autem sed est\nvoluptatem omnis possimus esse voluptatibus quis\nest aut tenetur dolor neque"
  },
  {
    "userId": 1,
    "id": 6,
    "title": "dolorem eum magni eos aperiam quia",
    "body": "ut aspernatur corporis harum nihil quis provident sequi\nmollitia nobis aliquid molestiae\nperspiciatis et ea nemo ab reprehenderit accusantium quas\nvoluptate dolores velit et doloremque molestiae"
  },
  {
    "userId": 1,
    "id": 7,
    "title": "magnam facilis autem",
    "body": "dolore placeat quibusdam ea quo vitae\nmagni quis enim qui quis quo nemo aut saepe\nquidem repellat excepturi ut quia\nsunt ut sequi eos ea sed quas"
  },
  {
    "userId": 1,
    "id": 8,
    "title": "dolorem dolore est ipsam",
    "body": "dignissimos aperiam dolorem qui eum\nfacilis quibusdam animi sint suscipit qui sint possimus cum\nquaerat magni maiores excepturi\nipsam ut commodi dolor voluptatum modi aut vitae"
  },
  {
    "userId": 1,
    "id": 9,
    "title": "nesciunt iure omnis dolorem tempora et accusantium",
    "body": "consectetur animi nesciunt iure dolore\nenim quia ad\nveniam autem ut quam aut nobis\net est aut quod aut provident voluptas autem voluptas"
  },
  {
    "userId": 1,
    "id": 10,
    "title": "optio molestias id quia eum",
    "body": "quo et expedita modi cum officia vel magni\ndoloribus qui repudiandae\nvero nisi sit\nquos veniam quod sed accusamus veritatis error"
  },
  {
    "userId": 2,
    "id": 11,
    "title": "et ea vero quia laudantium autem",
    "body": "delectus reiciendis molestiae occaecati non minima eveniet qui voluptatibus\naccusamus in eum beatae sit\nvel qui neque voluptates ut commodi qui incidunt\nut animi commodi"
  },
  {
    "userId": 2,
    "id": 12,
    "title": "in quibusdam tempore odit est dolorem",
    "body": "itaque id aut magnam\npraesentium quia et ea odit et ea voluptas et\nsapiente quia nihil amet occaecati quia id voluptatem\nincidunt ea est distinctio odio"
  },
  {
    "userId": 2,
    "id": 13,
    "title": "dolorum ut in voluptas mollitia et saepe quo animi",
    "body": "aut dicta possimus sint mollitia voluptas commodi quo doloremque\niste corrupti reiciendis voluptatem eius rerum\nsit cumque quod eligendi laborum minima\nperferendis recusandae assumenda consectetur porro architecto ipsum ipsam"
  },
  {
    "userId": 2,
    "id": 14,
    "title": "voluptatem eligendi optio",
    "body": "fuga et accusamus dolorum perferendis illo voluptas\nnon doloremque neque facere\nad qui dolorum molestiae beatae\nsed aut voluptas totam sit illum"
  },
  {
    "userId": 2,
    "id": 15,
    "title": "eveniet quod temporibus",
    "body": "reprehenderit quos placeat\nvelit minima officia dolores impedit repudiandae molestiae nam\nvoluptas recusandae quis delectus\nofficiis harum fugiat vitae"
  },
  {
    "userId": 2,
    "id": 16,
    "title": "sint suscipit perspiciatis velit dolorum rerum ipsa laboriosam odio",
    "body": "suscipit nam nisi quo aperiam aut\nasperiores eos fugit maiores voluptatibus quia\nvoluptatem quis ullam qui in alias quia est\nconsequatur magni mollitia accusamus ea nisi voluptate dicta"
  },
  {
    "userId": 2,
    "id": 17,
    "title": "fugit voluptas sed molestias voluptatem provident",
    "body": "eos voluptas et aut odit natus earum\naspernatur fuga molestiae ullam\ndeserunt ratione qui eos\nqui nihil ratione nemo velit ut aut id quo"
  },
  {
    "userId": 2,
    "id": 18,
    "title": "voluptate et itaque vero tempora molestiae",
    "body": "eveniet quo quis\nlaborum totam consequatur non dolor\nut et est repudiandae\nest voluptatem vel debitis et magnam"
  },
  {
    "userId": 2,
    "id": 19,
    "title": "adipisci placeat illum aut reiciendis qui",
    "body": "illum quis cupiditate provident sit magnam\nea sed aut omnis\nveniam maiores ullam consequatur atque\nadipisci quo iste expedita sit quos voluptas"
  },
  {
    "userId": 2,
    "id": 20,
    "title": "doloribus ad provident suscipit at",
    "body": "qui consequuntur ducimus possimus quisquam amet similique\nsuscipit porro ipsam amet\neos veritatis officiis exercitationem vel fugit aut necessitatibus totam\nomnis rerum consequatur expedita quidem cumque explicabo"
  },
  {
    "userId": 3,
    "id": 21,
    "title": "asperiores ea ipsam voluptatibus modi minima quia sint",
    "body": "repellat aliquid praesentium dolorem quo\nsed totam minus non itaque\nnihil labore molestiae sunt dolor eveniet hic recusandae veniam\ntempora et tenetur expedita sunt"
  },
  {
    "userId": 3,
    "id": 22,
    "title": "dolor sint quo a velit explicabo quia nam",
    "body": "eos qui et ipsum ipsam suscipit aut\nsed omnis non odio\nexpedita earum mollitia molestiae aut atque rem suscipit\nnam impedit esse"
  },
  {
    "userId": 3,
    "id": 23,
    "title": "maxime id vitae nihil numquam",
    "body": "veritatis unde neque eligendi\nquae quod architecto quo neque vitae\nest illo sit tempora doloremque fugit quod\net et vel beatae sequi ullam sed tenetur perspiciatis"
  },
  {
    "userId": 3,
    "id": 24,
    "title": "autem hic labore sunt dolores incidunt",
    "body": "enim et ex nulla\nomnis voluptas quia qui\nvoluptatem consequatur numquam aliquam sunt\ntotam recusandae id dignissimos aut sed asperiores deserunt"
  },
  {
    "userId": 3,
    "id": 25,
    "title": "rem alias distinctio quo quis",
    "body": "ullam consequatur ut\nomnis quis sit vel consequuntur\nipsa eligendi ipsum molestiae et omnis error nostrum\nmolestiae illo tempore quia et distinctio"
  },
  {
    "userId": 3,
    "id": 26,
    "title": "est et quae odit qui non",
    "body": "similique esse doloribus nihil accusamus\nomnis dolorem fuga consequuntur reprehenderit fugit recusandae temporibus\nperspiciatis cum ut laudantium\nomnis aut molestiae vel vero"
  },
  {
    "userId": 3,
    "id": 27,
    "title": "quasi id et eos tenetur aut quo autem",
    "body": "eum sed dolores ipsam sint possimus debitis occaecati\ndebitis qui qui et\nut placeat enim earum aut odit facilis\nconsequatur suscipit necessitatibus rerum sed inventore temporibus consequatur"
  },
  {
    "userId": 3,
    "id": 28,
    "title": "delectus ullam et corporis nulla voluptas sequi",
    "body": "non et quaerat ex quae ad maiores\nmaiores recusandae totam aut blanditiis mollitia quas illo\nut voluptatibus voluptatem\nsimilique nostrum eum"
  },
  {
    "userId": 3,
    "id": 29,
    "title": "iusto eius quod necessitatibus culpa ea",
    "body": "odit magnam ut saepe sed non qui\ntempora atque nihil\naccusamus illum doloribus illo dolor\neligendi repudiandae odit magni similique sed cum maiores"
  },
  {
    "userId": 3,
    "id": 30,
    "title": "a quo magni similique perferendis",
    "body": "alias dolor cumque\nimpedit blanditiis non eveniet odio maxime\nblanditiis amet eius quis tempora quia autem rem\na provident perspiciatis quia"
  },
  {
    "userId": 4,
    "id": 31,
    "title": "ullam ut quidem id aut vel consequuntur",
    "body": "debitis eius sed quibusdam non quis consectetur vitae\nimpedit ut qui consequatur sed aut in\nquidem sit nostrum et maiores adipisci atque\nquaerat voluptatem adipisci repudiandae"
  },
  {
    "userId": 4,
    "id": 32,
    "title": "doloremque illum aliquid sunt",
    "body": "deserunt eos nobis asperiores et hic\nest debitis repellat molestiae optio\nnihil ratione ut eos beatae quibusdam distinctio maiores\nearum voluptates et aut adipisci ea maiores voluptas maxime"
  },
  {
    "userId": 4,
    "id": 33,
    "title": "qui explicabo molestiae dolorem",
    "body": "rerum ut et numquam laborum odit est sit\nid qui sint in\nquasi tenetur tempore aperiam et quaerat qui in\nrerum officiis sequi cumque quod"
  },
  {
    "userId": 4,
    "id": 34,
    "title": "magnam ut rerum iure",
    "body": "ea velit perferendis earum ut voluptatem voluptate itaque iusto\ntotam pariatur in\nnemo voluptatem voluptatem autem magni tempora minima in\nest distinctio qui assumenda accusamus dignissimos officia nesciunt nobis"
  },
  {
    "userId": 4,
    "id": 35,
    "title": "id nihil consequatur molestias animi provident",
    "body": "nisi error delectus possimus ut eligendi vitae\nplaceat eos harum cupiditate facilis reprehenderit voluptatem beatae\nmodi ducimus quo illum voluptas eligendi\net nobis quia fugit"
  },
  {
    "userId": 4,
    "id": 36,
    "title": "fuga nam accusamus voluptas reiciendis itaque",
    "body": "ad mollitia et omnis minus architecto odit\nvoluptas doloremque maxime aut non ipsa qui alias veniam\nblanditiis culpa aut quia nihil cumque facere et occaecati\nqui aspernatur quia eaque ut aperiam inventore"
  },
  {
    "userId": 4,
    "id": 37,
    "title": "provident vel ut sit ratione est... (set the log level to DEBUG or TRACE to see the full content) 
 </msg>
<msg timestamp="20211013 12:44:38.803" level="INFO">${response} = &lt;Response [200]&gt;</msg>
<status status="PASS" starttime="20211013 12:44:38.279" endtime="20211013 12:44:38.804"/>
</kw>
<kw name="Create Workbook" library="RPA.Excel.Files">
<arg>${EXCEL_FILE}</arg>
<doc>Create and open a new Excel workbook.</doc>
<status status="PASS" starttime="20211013 12:44:38.806" endtime="20211013 12:44:38.815"/>
</kw>
<for flavor="IN RANGE">
<var>${index}</var>
<value>0</value>
<value>100</value>
<iter>
<var name="${index}">0</var>
<kw name="Create List" library="BuiltIn">
<var>@{row}</var>
<arg>${response.json()}[${index}][userId]</arg>
<arg>${response.json()}[${index}][id]</arg>
<arg>${response.json()}[${index}][title]</arg>
<arg>${response.json()}[${index}][body]</arg>
<doc>Returns a list containing given items.</doc>
<msg timestamp="20211013 12:44:38.833" level="INFO">@{row} = [ 1 | 1 | sunt aut facere repellat provident occaecati excepturi optio reprehenderit | quia et suscipit
suscipit recusandae consequuntur expedita et cum
reprehenderit molestiae ut ut quas totam
nostru...</msg>
<status status="PASS" starttime="20211013 12:44:38.818" endtime="20211013 12:44:38.833"/>
</kw>
<kw name="Append To List" library="Collections">
<arg>${rows}</arg>
<arg>${row}</arg>
<doc>Adds ``values`` to the end of ``list``.</doc>
<status status="PASS" starttime="20211013 12:44:38.834" endtime="20211013 12:44:38.836"/>
</kw>
<status status="PASS" starttime="20211013 12:44:38.817" endtime="20211013 12:44:38.836"/>
</iter>
<iter>
<var name="${index}">1</var>
<kw name="Create List" library="BuiltIn">
<var>@{row}</var>
<arg>${response.json()}[${index}][userId]</arg>
<arg>${response.json()}[${index}][id]</arg>
<arg>${response.json()}[${index}][title]</arg>
<arg>${response.json()}[${index}][body]</arg>
<doc>Returns a list containing given items.</doc>
<msg timestamp="20211013 12:44:38.850" level="INFO">@{row} = [ 1 | 2 | qui est esse | est rerum tempore vitae
sequi sint nihil reprehenderit dolor beatae ea dolores neque
fugiat blanditiis voluptate porro vel nihil molestiae ut reiciendis
qui aperiam non debiti...</msg>
<status status="PASS" starttime="20211013 12:44:38.837" endtime="20211013 12:44:38.851"/>
</kw>
<kw name="Append To List" library="Collections">
<arg>${rows}</arg>
<arg>${row}</arg>
<doc>Adds ``values`` to the end of ``list``.</doc>
<status status="PASS" starttime="20211013 12:44:38.851" endtime="20211013 12:44:38.853"/>
</kw>
<status status="PASS" starttime="20211013 12:44:38.837" endtime="20211013 12:44:38.854"/>
</iter>
<iter>
<var name="${index}">2</var>
<kw name="Create List" library="BuiltIn">
<var>@{row}</var>
<arg>${response.json()}[${index}][userId]</arg>
<arg>${response.json()}[${index}][id]</arg>
<arg>${response.json()}[${index}][title]</arg>
<arg>${response.json()}[${index}][body]</arg>
<doc>Returns a list containing given items.</doc>
<msg timestamp="20211013 12:44:38.874" level="INFO">@{row} = [ 1 | 3 | ea molestias quasi exercitationem repellat qui ipsa sit aut | et iusto sed quo iure
voluptatem occaecati omnis eligendi aut ad
voluptatem doloribus vel accusantium quis pariatur
molestiae po...</msg>
<status status="PASS" starttime="20211013 12:44:38.856" endtime="20211013 12:44:38.874"/>
</kw>
<kw name="Append To List" library="Collections">
<arg>${rows}</arg>
<arg>${row}</arg>
<doc>Adds ``values`` to the end of ``list``.</doc>
<status status="PASS" starttime="20211013 12:44:38.875" endtime="20211013 12:44:38.876"/>
</kw>
<status status="PASS" starttime="20211013 12:44:38.854" endtime="20211013 12:44:38.876"/>
</iter>
<iter>
<var name="${index}">3</var>
<kw name="Create List" library="BuiltIn">
<var>@{row}</var>
<arg>${response.json()}[${index}][userId]</arg>
<arg>${response.json()}[${index}][id]</arg>
<arg>${response.json()}[${index}][title]</arg>
<arg>${response.json()}[${index}][body]</arg>
<doc>Returns a list containing given items.</doc>
<msg timestamp="20211013 12:44:38.892" level="INFO">@{row} = [ 1 | 4 | eum et est occaecati | ullam et saepe reiciendis voluptatem adipisci
sit amet autem assumenda provident rerum culpa
quis hic commodi nesciunt rem tenetur doloremque ipsam iure
quis sunt volu...</msg>
<status status="PASS" starttime="20211013 12:44:38.877" endtime="20211013 12:44:38.892"/>
</kw>
<kw name="Append To List" library="Collections">
<arg>${rows}</arg>
<arg>${row}</arg>
<doc>Adds ``values`` to the end of ``list``.</doc>
<status status="PASS" starttime="20211013 12:44:38.892" endtime="20211013 12:44:38.894"/>
</kw>
<status status="PASS" starttime="20211013 12:44:38.877" endtime="20211013 12:44:38.894"/>
</iter>
<iter>
<var name="${index}">4</var>
<kw name="Create List" library="BuiltIn">
<var>@{row}</var>
<arg>${response.json()}[${index}][userId]</arg>
<arg>${response.json()}[${index}][id]</arg>
<arg>${response.json()}[${index}][title]</arg>
<arg>${response.json()}[${index}][body]</arg>
<doc>Returns a list containing given items.</doc>
<msg timestamp="20211013 12:44:38.910" level="INFO">@{row} = [ 1 | 5 | nesciunt quas odio | repudiandae veniam quaerat sunt sed
alias aut fugiat sit autem sed est
voluptatem omnis possimus esse voluptatibus quis
est aut tenetur dolor neque ]</msg>
<status status="PASS" starttime="20211013 12:44:38.895" endtime="20211013 12:44:38.910"/>
</kw>
<kw name="Append To List" library="Collections">
<arg>${rows}</arg>
<arg>${row}</arg>
<doc>Adds ``values`` to the end of ``list``.</doc>
<status status="PASS" starttime="20211013 12:44:38.910" endtime="20211013 12:44:38.912"/>
</kw>
<status status="PASS" starttime="20211013 12:44:38.895" endtime="20211013 12:44:38.912"/>
</iter>
<iter>
<var name="${index}">5</var>
<kw name="Create List" library="BuiltIn">
<var>@{row}</var>
<arg>${response.json()}[${index}][userId]</arg>
<arg>${response.json()}[${index}][id]</arg>
<arg>${response.json()}[${index}][title]</arg>
<arg>${response.json()}[${index}][body]</arg>
<doc>Returns a list containing given items.</doc>
<msg timestamp="20211013 12:44:38.927" level="INFO">@{row} = [ 1 | 6 | dolorem eum magni eos aperiam quia | ut aspernatur corporis harum nihil quis provident sequi
mollitia nobis aliquid molestiae
perspiciatis et ea nemo ab reprehenderit accusantium quas
volupt...</msg>
<status status="PASS" starttime="20211013 12:44:38.912" endtime="20211013 12:44:38.927"/>
</kw>
<kw name="Append To List" library="Collections">
<arg>${rows}</arg>
<arg>${row}</arg>
<doc>Adds ``values`` to the end of ``list``.</doc>
<status status="PASS" starttime="20211013 12:44:38.927" endtime="20211013 12:44:38.928"/>
</kw>
<status status="PASS" starttime="20211013 12:44:38.912" endtime="20211013 12:44:38.928"/>
</iter>
<iter>
<var name="${index}">6</var>
<kw name="Create List" library="BuiltIn">
<var>@{row}</var>
<arg>${response.json()}[${index}][userId]</arg>
<arg>${response.json()}[${index}][id]</arg>
<arg>${response.json()}[${index}][title]</arg>
<arg>${response.json()}[${index}][body]</arg>
<doc>Returns a list containing given items.</doc>
<msg timestamp="20211013 12:44:38.946" level="INFO">@{row} = [ 1 | 7 | magnam facilis autem | dolore placeat quibusdam ea quo vitae
magni quis enim qui quis quo nemo aut saepe
quidem repellat excepturi ut quia
sunt ut sequi eos ea sed quas ]</msg>
<status status="PASS" starttime="20211013 12:44:38.929" endtime="20211013 12:44:38.946"/>
</kw>
<kw name="Append To List" library="Collections">
<arg>${rows}</arg>
<arg>${row}</arg>
<doc>Adds ``values`` to the end of ``list``.</doc>
<status status="PASS" starttime="20211013 12:44:38.947" endtime="20211013 12:44:38.948"/>
</kw>
<status status="PASS" starttime="20211013 12:44:38.928" endtime="20211013 12:44:38.948"/>
</iter>
<iter>
<var name="${index}">7</var>
<kw name="Create List" library="BuiltIn">
<var>@{row}</var>
<arg>${response.json()}[${index}][userId]</arg>
<arg>${response.json()}[${index}][id]</arg>
<arg>${response.json()}[${index}][title]</arg>
<arg>${response.json()}[${index}][body]</arg>
<doc>Returns a list containing given items.</doc>
<msg timestamp="20211013 12:44:38.962" level="INFO">@{row} = [ 1 | 8 | dolorem dolore est ipsam | dignissimos aperiam dolorem qui eum
facilis quibusdam animi sint suscipit qui sint possimus cum
quaerat magni maiores excepturi
ipsam ut commodi dolor voluptatum m...</msg>
<status status="PASS" starttime="20211013 12:44:38.949" endtime="20211013 12:44:38.962"/>
</kw>
<kw name="Append To List" library="Collections">
<arg>${rows}</arg>
<arg>${row}</arg>
<doc>Adds ``values`` to the end of ``list``.</doc>
<status status="PASS" starttime="20211013 12:44:38.963" endtime="20211013 12:44:38.964"/>
</kw>
<status status="PASS" starttime="20211013 12:44:38.949" endtime="20211013 12:44:38.964"/>
</iter>
<iter>
<var name="${index}">8</var>
<kw name="Create List" library="BuiltIn">
<var>@{row}</var>
<arg>${response.json()}[${index}][userId]</arg>
<arg>${response.json()}[${index}][id]</arg>
<arg>${response.json()}[${index}][title]</arg>
<arg>${response.json()}[${index}][body]</arg>
<doc>Returns a list containing given items.</doc>
<msg timestamp="20211013 12:44:38.979" level="INFO">@{row} = [ 1 | 9 | nesciunt iure omnis dolorem tempora et accusantium | consectetur animi nesciunt iure dolore
enim quia ad
veniam autem ut quam aut nobis
et est aut quod aut provident voluptas autem voluptas ...</msg>
<status status="PASS" starttime="20211013 12:44:38.964" endtime="20211013 12:44:38.979"/>
</kw>
<kw name="Append To List" library="Collections">
<arg>${rows}</arg>
<arg>${row}</arg>
<doc>Adds ``values`` to the end of ``list``.</doc>
<status status="PASS" starttime="20211013 12:44:38.979" endtime="20211013 12:44:38.981"/>
</kw>
<status status="PASS" starttime="20211013 12:44:38.964" endtime="20211013 12:44:38.981"/>
</iter>
<iter>
<var name="${index}">9</var>
<kw name="Create List" library="BuiltIn">
<var>@{row}</var>
<arg>${response.json()}[${index}][userId]</arg>
<arg>${response.json()}[${index}][id]</arg>
<arg>${response.json()}[${index}][title]</arg>
<arg>${response.json()}[${index}][body]</arg>
<doc>Returns a list containing given items.</doc>
<msg timestamp="20211013 12:44:38.996" level="INFO">@{row} = [ 1 | 10 | optio molestias id quia eum | quo et expedita modi cum officia vel magni
doloribus qui repudiandae
vero nisi sit
quos veniam quod sed accusamus veritatis error ]</msg>
<status status="PASS" starttime="20211013 12:44:38.981" endtime="20211013 12:44:38.996"/>
</kw>
<kw name="Append To List" library="Collections">
<arg>${rows}</arg>
<arg>${row}</arg>
<doc>Adds ``values`` to the end of ``list``.</doc>
<status status="PASS" starttime="20211013 12:44:38.997" endtime="20211013 12:44:39.002"/>
</kw>
<status status="PASS" starttime="20211013 12:44:38.981" endtime="20211013 12:44:39.002"/>
</iter>
<iter>
<var name="${index}">10</var>
<kw name="Create List" library="BuiltIn">
<var>@{row}</var>
<arg>${response.json()}[${index}][userId]</arg>
<arg>${response.json()}[${index}][id]</arg>
<arg>${response.json()}[${index}][title]</arg>
<arg>${response.json()}[${index}][body]</arg>
<doc>Returns a list containing given items.</doc>
<msg timestamp="20211013 12:44:39.021" level="INFO">@{row} = [ 2 | 11 | et ea vero quia laudantium autem | delectus reiciendis molestiae occaecati non minima eveniet qui voluptatibus
accusamus in eum beatae sit
vel qui neque voluptates ut commodi qui incidunt
u...</msg>
<status status="PASS" starttime="20211013 12:44:39.004" endtime="20211013 12:44:39.021"/>
</kw>
<kw name="Append To List" library="Collections">
<arg>${rows}</arg>
<arg>${row}</arg>
<doc>Adds ``values`` to the end of ``list``.</doc>
<status status="PASS" starttime="20211013 12:44:39.022" endtime="20211013 12:44:39.023"/>
</kw>
<status status="PASS" starttime="20211013 12:44:39.003" endtime="20211013 12:44:39.023"/>
</iter>
<iter>
<var name="${index}">11</var>
<kw name="Create List" library="BuiltIn">
<var>@{row}</var>
<arg>${response.json()}[${index}][userId]</arg>
<arg>${response.json()}[${index}][id]</arg>
<arg>${response.json()}[${index}][title]</arg>
<arg>${response.json()}[${index}][body]</arg>
<doc>Returns a list containing given items.</doc>
<msg timestamp="20211013 12:44:39.038" level="INFO">@{row} = [ 2 | 12 | in quibusdam tempore odit est dolorem | itaque id aut magnam
praesentium quia et ea odit et ea voluptas et
sapiente quia nihil amet occaecati quia id voluptatem
incidunt ea est distinctio o...</msg>
<status status="PASS" starttime="20211013 12:44:39.024" endtime="20211013 12:44:39.039"/>
</kw>
<kw name="Append To List" library="Collections">
<arg>${rows}</arg>
<arg>${row}</arg>
<doc>Adds ``values`` to the end of ``list``.</doc>
<status status="PASS" starttime="20211013 12:44:39.039" endtime="20211013 12:44:39.040"/>
</kw>
<status status="PASS" starttime="20211013 12:44:39.023" endtime="20211013 12:44:39.040"/>
</iter>
<iter>
<var name="${index}">12</var>
<kw name="Create List" library="BuiltIn">
<var>@{row}</var>
<arg>${response.json()}[${index}][userId]</arg>
<arg>${response.json()}[${index}][id]</arg>
<arg>${response.json()}[${index}][title]</arg>
<arg>${response.json()}[${index}][body]</arg>
<doc>Returns a list containing given items.</doc>
<msg timestamp="20211013 12:44:39.052" level="INFO">@{row} = [ 2 | 13 | dolorum ut in voluptas mollitia et saepe quo animi | aut dicta possimus sint mollitia voluptas commodi quo doloremque
iste corrupti reiciendis voluptatem eius rerum
sit cumque quod eligendi...</msg>
<status status="PASS" starttime="20211013 12:44:39.041" endtime="20211013 12:44:39.052"/>
</kw>
<kw name="Append To List" library="Collections">
<arg>${rows}</arg>
<arg>${row}</arg>
<doc>Adds ``values`` to the end of ``list``.</doc>
<status status="PASS" starttime="20211013 12:44:39.052" endtime="20211013 12:44:39.053"/>
</kw>
<status status="PASS" starttime="20211013 12:44:39.041" endtime="20211013 12:44:39.053"/>
</iter>
<iter>
<var name="${index}">13</var>
<kw name="Create List" library="BuiltIn">
<var>@{row}</var>
<arg>${response.json()}[${index}][userId]</arg>
<arg>${response.json()}[${index}][id]</arg>
<arg>${response.json()}[${index}][title]</arg>
<arg>${response.json()}[${index}][body]</arg>
<doc>Returns a list containing given items.</doc>
<msg timestamp="20211013 12:44:39.061" level="INFO">@{row} = [ 2 | 14 | voluptatem eligendi optio | fuga et accusamus dolorum perferendis illo voluptas
non doloremque neque facere
ad qui dolorum molestiae beatae
sed aut voluptas totam sit illum ]</msg>
<status status="PASS" starttime="20211013 12:44:39.053" endtime="20211013 12:44:39.062"/>
</kw>
<kw name="Append To List" library="Collections">
<arg>${rows}</arg>
<arg>${row}</arg>
<doc>Adds ``values`` to the end of ``list``.</doc>
<status status="PASS" starttime="20211013 12:44:39.062" endtime="20211013 12:44:39.062"/>
</kw>
<status status="PASS" starttime="20211013 12:44:39.053" endtime="20211013 12:44:39.063"/>
</iter>
<iter>
<var name="${index}">14</var>
<kw name="Create List" library="BuiltIn">
<var>@{row}</var>
<arg>${response.json()}[${index}][userId]</arg>
<arg>${response.json()}[${index}][id]</arg>
<arg>${response.json()}[${index}][title]</arg>
<arg>${response.json()}[${index}][body]</arg>
<doc>Returns a list containing given items.</doc>
<msg timestamp="20211013 12:44:39.070" level="INFO">@{row} = [ 2 | 15 | eveniet quod temporibus | reprehenderit quos placeat
velit minima officia dolores impedit repudiandae molestiae nam
voluptas recusandae quis delectus
officiis harum fugiat vitae ]</msg>
<status status="PASS" starttime="20211013 12:44:39.063" endtime="20211013 12:44:39.071"/>
</kw>
<kw name="Append To List" library="Collections">
<arg>${rows}</arg>
<arg>${row}</arg>
<doc>Adds ``values`` to the end of ``list``.</doc>
<status status="PASS" starttime="20211013 12:44:39.071" endtime="20211013 12:44:39.072"/>
</kw>
<status status="PASS" starttime="20211013 12:44:39.063" endtime="20211013 12:44:39.072"/>
</iter>
<iter>
<var name="${index}">15</var>
<kw name="Create List" library="BuiltIn">
<var>@{row}</var>
<arg>${response.json()}[${index}][userId]</arg>
<arg>${response.json()}[${index}][id]</arg>
<arg>${response.json()}[${index}][title]</arg>
<arg>${response.json()}[${index}][body]</arg>
<doc>Returns a list containing given items.</doc>
<msg timestamp="20211013 12:44:39.083" level="INFO">@{row} = [ 2 | 16 | sint suscipit perspiciatis velit dolorum rerum ipsa laboriosam odio | suscipit nam nisi quo aperiam aut
asperiores eos fugit maiores voluptatibus quia
voluptatem quis ullam qui in alias qui...</msg>
<status status="PASS" starttime="20211013 12:44:39.073" endtime="20211013 12:44:39.083"/>
</kw>
<kw name="Append To List" library="Collections">
<arg>${rows}</arg>
<arg>${row}</arg>
<doc>Adds ``values`` to the end of ``list``.</doc>
<status status="PASS" starttime="20211013 12:44:39.084" endtime="20211013 12:44:39.084"/>
</kw>
<status status="PASS" starttime="20211013 12:44:39.072" endtime="20211013 12:44:39.084"/>
</iter>
<iter>
<var name="${index}">16</var>
<kw name="Create List" library="BuiltIn">
<var>@{row}</var>
<arg>${response.json()}[${index}][userId]</arg>
<arg>${response.json()}[${index}][id]</arg>
<arg>${response.json()}[${index}][title]</arg>
<arg>${response.json()}[${index}][body]</arg>
<doc>Returns a list containing given items.</doc>
<msg timestamp="20211013 12:44:39.093" level="INFO">@{row} = [ 2 | 17 | fugit voluptas sed molestias voluptatem provident | eos voluptas et aut odit natus earum
aspernatur fuga molestiae ullam
deserunt ratione qui eos
qui nihil ratione nemo velit ut aut id quo ...</msg>
<status status="PASS" starttime="20211013 12:44:39.085" endtime="20211013 12:44:39.093"/>
</kw>
<kw name="Append To List" library="Collections">
<arg>${rows}</arg>
<arg>${row}</arg>
<doc>Adds ``values`` to the end of ``list``.</doc>
<status status="PASS" starttime="20211013 12:44:39.094" endtime="20211013 12:44:39.095"/>
</kw>
<status status="PASS" starttime="20211013 12:44:39.085" endtime="20211013 12:44:39.095"/>
</iter>
<iter>
<var name="${index}">17</var>
<kw name="Create List" library="BuiltIn">
<var>@{row}</var>
<arg>${response.json()}[${index}][userId]</arg>
<arg>${response.json()}[${index}][id]</arg>
<arg>${response.json()}[${index}][title]</arg>
<arg>${response.json()}[${index}][body]</arg>
<doc>Returns a list containing given items.</doc>
<msg timestamp="20211013 12:44:39.104" level="INFO">@{row} = [ 2 | 18 | voluptate et itaque vero tempora molestiae | eveniet quo quis
laborum totam consequatur non dolor
ut et est repudiandae
est voluptatem vel debitis et magnam ]</msg>
<status status="PASS" starttime="20211013 12:44:39.095" endtime="20211013 12:44:39.104"/>
</kw>
<kw name="Append To List" library="Collections">
<arg>${rows}</arg>
<arg>${row}</arg>
<doc>Adds ``values`` to the end of ``list``.</doc>
<status status="PASS" starttime="20211013 12:44:39.104" endtime="20211013 12:44:39.105"/>
</kw>
<status status="PASS" starttime="20211013 12:44:39.095" endtime="20211013 12:44:39.105"/>
</iter>
<iter>
<var name="${index}">18</var>
<kw name="Create List" library="BuiltIn">
<var>@{row}</var>
<arg>${response.json()}[${index}][userId]</arg>
<arg>${response.json()}[${index}][id]</arg>
<arg>${response.json()}[${index}][title]</arg>
<arg>${response.json()}[${index}][body]</arg>
<doc>Returns a list containing given items.</doc>
<msg timestamp="20211013 12:44:39.114" level="INFO">@{row} = [ 2 | 19 | adipisci placeat illum aut reiciendis qui | illum quis cupiditate provident sit magnam
ea sed aut omnis
veniam maiores ullam consequatur atque
adipisci quo iste expedita sit quos voluptas ]</msg>
<status status="PASS" starttime="20211013 12:44:39.106" endtime="20211013 12:44:39.114"/>
</kw>
<kw name="Append To List" library="Collections">
<arg>${rows}</arg>
<arg>${row}</arg>
<doc>Adds ``values`` to the end of ``list``.</doc>
<status status="PASS" starttime="20211013 12:44:39.114" endtime="20211013 12:44:39.115"/>
</kw>
<status status="PASS" starttime="20211013 12:44:39.106" endtime="20211013 12:44:39.115"/>
</iter>
<iter>
<var name="${index}">19</var>
<kw name="Create List" library="BuiltIn">
<var>@{row}</var>
<arg>${response.json()}[${index}][userId]</arg>
<arg>${response.json()}[${index}][id]</arg>
<arg>${response.json()}[${index}][title]</arg>
<arg>${response.json()}[${index}][body]</arg>
<doc>Returns a list containing given items.</doc>
<msg timestamp="20211013 12:44:39.123" level="INFO">@{row} = [ 2 | 20 | doloribus ad provident suscipit at | qui consequuntur ducimus possimus quisquam amet similique
suscipit porro ipsam amet
eos veritatis officiis exercitationem vel fugit aut necessitatibus t...</msg>
<status status="PASS" starttime="20211013 12:44:39.115" endtime="20211013 12:44:39.123"/>
</kw>
<kw name="Append To List" library="Collections">
<arg>${rows}</arg>
<arg>${row}</arg>
<doc>Adds ``values`` to the end of ``list``.</doc>
<status status="PASS" starttime="20211013 12:44:39.123" endtime="20211013 12:44:39.124"/>
</kw>
<status status="PASS" starttime="20211013 12:44:39.115" endtime="20211013 12:44:39.124"/>
</iter>
<iter>
<var name="${index}">20</var>
<kw name="Create List" library="BuiltIn">
<var>@{row}</var>
<arg>${response.json()}[${index}][userId]</arg>
<arg>${response.json()}[${index}][id]</arg>
<arg>${response.json()}[${index}][title]</arg>
<arg>${response.json()}[${index}][body]</arg>
<doc>Returns a list containing given items.</doc>
<msg timestamp="20211013 12:44:39.132" level="INFO">@{row} = [ 3 | 21 | asperiores ea ipsam voluptatibus modi minima quia sint | repellat aliquid praesentium dolorem quo
sed totam minus non itaque
nihil labore molestiae sunt dolor eveniet hic recusandae veniam
...</msg>
<status status="PASS" starttime="20211013 12:44:39.124" endtime="20211013 12:44:39.132"/>
</kw>
<kw name="Append To List" library="Collections">
<arg>${rows}</arg>
<arg>${row}</arg>
<doc>Adds ``values`` to the end of ``list``.</doc>
<status status="PASS" starttime="20211013 12:44:39.132" endtime="20211013 12:44:39.133"/>
</kw>
<status status="PASS" starttime="20211013 12:44:39.124" endtime="20211013 12:44:39.133"/>
</iter>
<iter>
<var name="${index}">21</var>
<kw name="Create List" library="BuiltIn">
<var>@{row}</var>
<arg>${response.json()}[${index}][userId]</arg>
<arg>${response.json()}[${index}][id]</arg>
<arg>${response.json()}[${index}][title]</arg>
<arg>${response.json()}[${index}][body]</arg>
<doc>Returns a list containing given items.</doc>
<msg timestamp="20211013 12:44:39.142" level="INFO">@{row} = [ 3 | 22 | dolor sint quo a velit explicabo quia nam | eos qui et ipsum ipsam suscipit aut
sed omnis non odio
expedita earum mollitia molestiae aut atque rem suscipit
nam impedit esse ]</msg>
<status status="PASS" starttime="20211013 12:44:39.133" endtime="20211013 12:44:39.142"/>
</kw>
<kw name="Append To List" library="Collections">
<arg>${rows}</arg>
<arg>${row}</arg>
<doc>Adds ``values`` to the end of ``list``.</doc>
<status status="PASS" starttime="20211013 12:44:39.143" endtime="20211013 12:44:39.144"/>
</kw>
<status status="PASS" starttime="20211013 12:44:39.133" endtime="20211013 12:44:39.144"/>
</iter>
<iter>
<var name="${index}">22</var>
<kw name="Create List" library="BuiltIn">
<var>@{row}</var>
<arg>${response.json()}[${index}][userId]</arg>
<arg>${response.json()}[${index}][id]</arg>
<arg>${response.json()}[${index}][title]</arg>
<arg>${response.json()}[${index}][body]</arg>
<doc>Returns a list containing given items.</doc>
<msg timestamp="20211013 12:44:39.153" level="INFO">@{row} = [ 3 | 23 | maxime id vitae nihil numquam | veritatis unde neque eligendi
quae quod architecto quo neque vitae
est illo sit tempora doloremque fugit quod
et et vel beatae sequi ullam sed tenetur perspi...</msg>
<status status="PASS" starttime="20211013 12:44:39.144" endtime="20211013 12:44:39.153"/>
</kw>
<kw name="Append To List" library="Collections">
<arg>${rows}</arg>
<arg>${row}</arg>
<doc>Adds ``values`` to the end of ``list``.</doc>
<status status="PASS" starttime="20211013 12:44:39.153" endtime="20211013 12:44:39.154"/>
</kw>
<status status="PASS" starttime="20211013 12:44:39.144" endtime="20211013 12:44:39.154"/>
</iter>
<iter>
<var name="${index}">23</var>
<kw name="Create List" library="BuiltIn">
<var>@{row}</var>
<arg>${response.json()}[${index}][userId]</arg>
<arg>${response.json()}[${index}][id]</arg>
<arg>${response.json()}[${index}][title]</arg>
<arg>${response.json()}[${index}][body]</arg>
<doc>Returns a list containing given items.</doc>
<msg timestamp="20211013 12:44:39.164" level="INFO">@{row} = [ 3 | 24 | autem hic labore sunt dolores incidunt | enim et ex nulla
omnis voluptas quia qui
voluptatem consequatur numquam aliquam sunt
totam recusandae id dignissimos aut sed asperiores deserunt ]</msg>
<status status="PASS" starttime="20211013 12:44:39.155" endtime="20211013 12:44:39.164"/>
</kw>
<kw name="Append To List" library="Collections">
<arg>${rows}</arg>
<arg>${row}</arg>
<doc>Adds ``values`` to the end of ``list``.</doc>
<status status="PASS" starttime="20211013 12:44:39.165" endtime="20211013 12:44:39.165"/>
</kw>
<status status="PASS" starttime="20211013 12:44:39.154" endtime="20211013 12:44:39.165"/>
</iter>
<iter>
<var name="${index}">24</var>
<kw name="Create List" library="BuiltIn">
<var>@{row}</var>
<arg>${response.json()}[${index}][userId]</arg>
<arg>${response.json()}[${index}][id]</arg>
<arg>${response.json()}[${index}][title]</arg>
<arg>${response.json()}[${index}][body]</arg>
<doc>Returns a list containing given items.</doc>
<msg timestamp="20211013 12:44:39.175" level="INFO">@{row} = [ 3 | 25 | rem alias distinctio quo quis | ullam consequatur ut
omnis quis sit vel consequuntur
ipsa eligendi ipsum molestiae et omnis error nostrum
molestiae illo tempore quia et distinctio ]</msg>
<status status="PASS" starttime="20211013 12:44:39.166" endtime="20211013 12:44:39.175"/>
</kw>
<kw name="Append To List" library="Collections">
<arg>${rows}</arg>
<arg>${row}</arg>
<doc>Adds ``values`` to the end of ``list``.</doc>
<status status="PASS" starttime="20211013 12:44:39.175" endtime="20211013 12:44:39.176"/>
</kw>
<status status="PASS" starttime="20211013 12:44:39.165" endtime="20211013 12:44:39.176"/>
</iter>
<iter>
<var name="${index}">25</var>
<kw name="Create List" library="BuiltIn">
<var>@{row}</var>
<arg>${response.json()}[${index}][userId]</arg>
<arg>${response.json()}[${index}][id]</arg>
<arg>${response.json()}[${index}][title]</arg>
<arg>${response.json()}[${index}][body]</arg>
<doc>Returns a list containing given items.</doc>
<msg timestamp="20211013 12:44:39.185" level="INFO">@{row} = [ 3 | 26 | est et quae odit qui non | similique esse doloribus nihil accusamus
omnis dolorem fuga consequuntur reprehenderit fugit recusandae temporibus
perspiciatis cum ut laudantium
omnis aut molest...</msg>
<status status="PASS" starttime="20211013 12:44:39.176" endtime="20211013 12:44:39.186"/>
</kw>
<kw name="Append To List" library="Collections">
<arg>${rows}</arg>
<arg>${row}</arg>
<doc>Adds ``values`` to the end of ``list``.</doc>
<status status="PASS" starttime="20211013 12:44:39.186" endtime="20211013 12:44:39.187"/>
</kw>
<status status="PASS" starttime="20211013 12:44:39.176" endtime="20211013 12:44:39.187"/>
</iter>
<iter>
<var name="${index}">26</var>
<kw name="Create List" library="BuiltIn">
<var>@{row}</var>
<arg>${response.json()}[${index}][userId]</arg>
<arg>${response.json()}[${index}][id]</arg>
<arg>${response.json()}[${index}][title]</arg>
<arg>${response.json()}[${index}][body]</arg>
<doc>Returns a list containing given items.</doc>
<msg timestamp="20211013 12:44:39.196" level="INFO">@{row} = [ 3 | 27 | quasi id et eos tenetur aut quo autem | eum sed dolores ipsam sint possimus debitis occaecati
debitis qui qui et
ut placeat enim earum aut odit facilis
consequatur suscipit necessitatibus r...</msg>
<status status="PASS" starttime="20211013 12:44:39.188" endtime="20211013 12:44:39.196"/>
</kw>
<kw name="Append To List" library="Collections">
<arg>${rows}</arg>
<arg>${row}</arg>
<doc>Adds ``values`` to the end of ``list``.</doc>
<status status="PASS" starttime="20211013 12:44:39.196" endtime="20211013 12:44:39.197"/>
</kw>
<status status="PASS" starttime="20211013 12:44:39.188" endtime="20211013 12:44:39.197"/>
</iter>
<iter>
<var name="${index}">27</var>
<kw name="Create List" library="BuiltIn">
<var>@{row}</var>
<arg>${response.json()}[${index}][userId]</arg>
<arg>${response.json()}[${index}][id]</arg>
<arg>${response.json()}[${index}][title]</arg>
<arg>${response.json()}[${index}][body]</arg>
<doc>Returns a list containing given items.</doc>
<msg timestamp="20211013 12:44:39.207" level="INFO">@{row} = [ 3 | 28 | delectus ullam et corporis nulla voluptas sequi | non et quaerat ex quae ad maiores
maiores recusandae totam aut blanditiis mollitia quas illo
ut voluptatibus voluptatem
similique nostrum e...</msg>
<status status="PASS" starttime="20211013 12:44:39.198" endtime="20211013 12:44:39.207"/>
</kw>
<kw name="Append To List" library="Collections">
<arg>${rows}</arg>
<arg>${row}</arg>
<doc>Adds ``values`` to the end of ``list``.</doc>
<status status="PASS" starttime="20211013 12:44:39.208" endtime="20211013 12:44:39.209"/>
</kw>
<status status="PASS" starttime="20211013 12:44:39.197" endtime="20211013 12:44:39.209"/>
</iter>
<iter>
<var name="${index}">28</var>
<kw name="Create List" library="BuiltIn">
<var>@{row}</var>
<arg>${response.json()}[${index}][userId]</arg>
<arg>${response.json()}[${index}][id]</arg>
<arg>${response.json()}[${index}][title]</arg>
<arg>${response.json()}[${index}][body]</arg>
<doc>Returns a list containing given items.</doc>
<msg timestamp="20211013 12:44:39.218" level="INFO">@{row} = [ 3 | 29 | iusto eius quod necessitatibus culpa ea | odit magnam ut saepe sed non qui
tempora atque nihil
accusamus illum doloribus illo dolor
eligendi repudiandae odit magni similique sed cum maiores...</msg>
<status status="PASS" starttime="20211013 12:44:39.210" endtime="20211013 12:44:39.218"/>
</kw>
<kw name="Append To List" library="Collections">
<arg>${rows}</arg>
<arg>${row}</arg>
<doc>Adds ``values`` to the end of ``list``.</doc>
<status status="PASS" starttime="20211013 12:44:39.219" endtime="20211013 12:44:39.219"/>
</kw>
<status status="PASS" starttime="20211013 12:44:39.210" endtime="20211013 12:44:39.219"/>
</iter>
<iter>
<var name="${index}">29</var>
<kw name="Create List" library="BuiltIn">
<var>@{row}</var>
<arg>${response.json()}[${index}][userId]</arg>
<arg>${response.json()}[${index}][id]</arg>
<arg>${response.json()}[${index}][title]</arg>
<arg>${response.json()}[${index}][body]</arg>
<doc>Returns a list containing given items.</doc>
<msg timestamp="20211013 12:44:39.228" level="INFO">@{row} = [ 3 | 30 | a quo magni similique perferendis | alias dolor cumque
impedit blanditiis non eveniet odio maxime
blanditiis amet eius quis tempora quia autem rem
a provident perspiciatis quia ]</msg>
<status status="PASS" starttime="20211013 12:44:39.220" endtime="20211013 12:44:39.228"/>
</kw>
<kw name="Append To List" library="Collections">
<arg>${rows}</arg>
<arg>${row}</arg>
<doc>Adds ``values`` to the end of ``list``.</doc>
<status status="PASS" starttime="20211013 12:44:39.229" endtime="20211013 12:44:39.229"/>
</kw>
<status status="PASS" starttime="20211013 12:44:39.219" endtime="20211013 12:44:39.229"/>
</iter>
<iter>
<var name="${index}">30</var>
<kw name="Create List" library="BuiltIn">
<var>@{row}</var>
<arg>${response.json()}[${index}][userId]</arg>
<arg>${response.json()}[${index}][id]</arg>
<arg>${response.json()}[${index}][title]</arg>
<arg>${response.json()}[${index}][body]</arg>
<doc>Returns a list containing given items.</doc>
<msg timestamp="20211013 12:44:39.238" level="INFO">@{row} = [ 4 | 31 | ullam ut quidem id aut vel consequuntur | debitis eius sed quibusdam non quis consectetur vitae
impedit ut qui consequatur sed aut in
quidem sit nostrum et maiores adipisci atque
quaerat vo...</msg>
<status status="PASS" starttime="20211013 12:44:39.230" endtime="20211013 12:44:39.238"/>
</kw>
<kw name="Append To List" library="Collections">
<arg>${rows}</arg>
<arg>${row}</arg>
<doc>Adds ``values`` to the end of ``list``.</doc>
<status status="PASS" starttime="20211013 12:44:39.238" endtime="20211013 12:44:39.240"/>
</kw>
<status status="PASS" starttime="20211013 12:44:39.229" endtime="20211013 12:44:39.240"/>
</iter>
<iter>
<var name="${index}">31</var>
<kw name="Create List" library="BuiltIn">
<var>@{row}</var>
<arg>${response.json()}[${index}][userId]</arg>
<arg>${response.json()}[${index}][id]</arg>
<arg>${response.json()}[${index}][title]</arg>
<arg>${response.json()}[${index}][body]</arg>
<doc>Returns a list containing given items.</doc>
<msg timestamp="20211013 12:44:39.247" level="INFO">@{row} = [ 4 | 32 | doloremque illum aliquid sunt | deserunt eos nobis asperiores et hic
est debitis repellat molestiae optio
nihil ratione ut eos beatae quibusdam distinctio maiores
earum voluptates et aut ad...</msg>
<status status="PASS" starttime="20211013 12:44:39.240" endtime="20211013 12:44:39.248"/>
</kw>
<kw name="Append To List" library="Collections">
<arg>${rows}</arg>
<arg>${row}</arg>
<doc>Adds ``values`` to the end of ``list``.</doc>
<status status="PASS" starttime="20211013 12:44:39.248" endtime="20211013 12:44:39.248"/>
</kw>
<status status="PASS" starttime="20211013 12:44:39.240" endtime="20211013 12:44:39.249"/>
</iter>
<iter>
<var name="${index}">32</var>
<kw name="Create List" library="BuiltIn">
<var>@{row}</var>
<arg>${response.json()}[${index}][userId]</arg>
<arg>${response.json()}[${index}][id]</arg>
<arg>${response.json()}[${index}][title]</arg>
<arg>${response.json()}[${index}][body]</arg>
<doc>Returns a list containing given items.</doc>
<msg timestamp="20211013 12:44:39.258" level="INFO">@{row} = [ 4 | 33 | qui explicabo molestiae dolorem | rerum ut et numquam laborum odit est sit
id qui sint in
quasi tenetur tempore aperiam et quaerat qui in
rerum officiis sequi cumque quod ]</msg>
<status status="PASS" starttime="20211013 12:44:39.249" endtime="20211013 12:44:39.258"/>
</kw>
<kw name="Append To List" library="Collections">
<arg>${rows}</arg>
<arg>${row}</arg>
<doc>Adds ``values`` to the end of ``list``.</doc>
<status status="PASS" starttime="20211013 12:44:39.258" endtime="20211013 12:44:39.259"/>
</kw>
<status status="PASS" starttime="20211013 12:44:39.249" endtime="20211013 12:44:39.259"/>
</iter>
<iter>
<var name="${index}">33</var>
<kw name="Create List" library="BuiltIn">
<var>@{row}</var>
<arg>${response.json()}[${index}][userId]</arg>
<arg>${response.json()}[${index}][id]</arg>
<arg>${response.json()}[${index}][title]</arg>
<arg>${response.json()}[${index}][body]</arg>
<doc>Returns a list containing given items.</doc>
<msg timestamp="20211013 12:44:39.264" level="INFO">@{row} = [ 4 | 34 | magnam ut rerum iure | ea velit perferendis earum ut voluptatem voluptate itaque iusto
totam pariatur in
nemo voluptatem voluptatem autem magni tempora minima in
est distinctio qui assumend...</msg>
<status status="PASS" starttime="20211013 12:44:39.259" endtime="20211013 12:44:39.264"/>
</kw>
<kw name="Append To List" library="Collections">
<arg>${rows}</arg>
<arg>${row}</arg>
<doc>Adds ``values`` to the end of ``list``.</doc>
<status status="PASS" starttime="20211013 12:44:39.264" endtime="20211013 12:44:39.264"/>
</kw>
<status status="PASS" starttime="20211013 12:44:39.259" endtime="20211013 12:44:39.265"/>
</iter>
<iter>
<var name="${index}">34</var>
<kw name="Create List" library="BuiltIn">
<var>@{row}</var>
<arg>${response.json()}[${index}][userId]</arg>
<arg>${response.json()}[${index}][id]</arg>
<arg>${response.json()}[${index}][title]</arg>
<arg>${response.json()}[${index}][body]</arg>
<doc>Returns a list containing given items.</doc>
<msg timestamp="20211013 12:44:39.269" level="INFO">@{row} = [ 4 | 35 | id nihil consequatur molestias animi provident | nisi error delectus possimus ut eligendi vitae
placeat eos harum cupiditate facilis reprehenderit voluptatem beatae
modi ducimus quo illum v...</msg>
<status status="PASS" starttime="20211013 12:44:39.265" endtime="20211013 12:44:39.269"/>
</kw>
<kw name="Append To List" library="Collections">
<arg>${rows}</arg>
<arg>${row}</arg>
<doc>Adds ``values`` to the end of ``list``.</doc>
<status status="PASS" starttime="20211013 12:44:39.270" endtime="20211013 12:44:39.270"/>
</kw>
<status status="PASS" starttime="20211013 12:44:39.265" endtime="20211013 12:44:39.270"/>
</iter>
<iter>
<var name="${index}">35</var>
<kw name="Create List" library="BuiltIn">
<var>@{row}</var>
<arg>${response.json()}[${index}][userId]</arg>
<arg>${response.json()}[${index}][id]</arg>
<arg>${response.json()}[${index}][title]</arg>
<arg>${response.json()}[${index}][body]</arg>
<doc>Returns a list containing given items.</doc>
<msg timestamp="20211013 12:44:39.278" level="INFO">@{row} = [ 4 | 36 | fuga nam accusamus voluptas reiciendis itaque | ad mollitia et omnis minus architecto odit
voluptas doloremque maxime aut non ipsa qui alias veniam
blanditiis culpa aut quia nihil cumque fa...</msg>
<status status="PASS" starttime="20211013 12:44:39.270" endtime="20211013 12:44:39.278"/>
</kw>
<kw name="Append To List" library="Collections">
<arg>${rows}</arg>
<arg>${row}</arg>
<doc>Adds ``values`` to the end of ``list``.</doc>
<status status="PASS" starttime="20211013 12:44:39.278" endtime="20211013 12:44:39.279"/>
</kw>
<status status="PASS" starttime="20211013 12:44:39.270" endtime="20211013 12:44:39.279"/>
</iter>
<iter>
<var name="${index}">36</var>
<kw name="Create List" library="BuiltIn">
<var>@{row}</var>
<arg>${response.json()}[${index}][userId]</arg>
<arg>${response.json()}[${index}][id]</arg>
<arg>${response.json()}[${index}][title]</arg>
<arg>${response.json()}[${index}][body]</arg>
<doc>Returns a list containing given items.</doc>
<msg timestamp="20211013 12:44:39.286" level="INFO">@{row} = [ 4 | 37 | provident vel ut sit ratione est | debitis et eaque non officia sed nesciunt pariatur vel
voluptatem iste vero et ea
numquam aut expedita ipsum nulla in
voluptates omnis consequatur aut eni...</msg>
<status status="PASS" starttime="20211013 12:44:39.280" endtime="20211013 12:44:39.287"/>
</kw>
<kw name="Append To List" library="Collections">
<arg>${rows}</arg>
<arg>${row}</arg>
<doc>Adds ``values`` to the end of ``list``.</doc>
<status status="PASS" starttime="20211013 12:44:39.287" endtime="20211013 12:44:39.287"/>
</kw>
<status status="PASS" starttime="20211013 12:44:39.280" endtime="20211013 12:44:39.287"/>
</iter>
<iter>
<var name="${index}">37</var>
<kw name="Create List" library="BuiltIn">
<var>@{row}</var>
<arg>${response.json()}[${index}][userId]</arg>
<arg>${response.json()}[${index}][id]</arg>
<arg>${response.json()}[${index}][title]</arg>
<arg>${response.json()}[${index}][body]</arg>
<doc>Returns a list containing given items.</doc>
<msg timestamp="20211013 12:44:39.293" level="INFO">@{row} = [ 4 | 38 | explicabo et eos deleniti nostrum ab id repellendus | animi esse sit aut sit nesciunt assumenda eum voluptas
quia voluptatibus provident quia necessitatibus ea
rerum repudiandae quia volupt...</msg>
<status status="PASS" starttime="20211013 12:44:39.287" endtime="20211013 12:44:39.293"/>
</kw>
<kw name="Append To List" library="Collections">
<arg>${rows}</arg>
<arg>${row}</arg>
<doc>Adds ``values`` to the end of ``list``.</doc>
<status status="PASS" starttime="20211013 12:44:39.293" endtime="20211013 12:44:39.293"/>
</kw>
<status status="PASS" starttime="20211013 12:44:39.287" endtime="20211013 12:44:39.293"/>
</iter>
<iter>
<var name="${index}">38</var>
<kw name="Create List" library="BuiltIn">
<var>@{row}</var>
<arg>${response.json()}[${index}][userId]</arg>
<arg>${response.json()}[${index}][id]</arg>
<arg>${response.json()}[${index}][title]</arg>
<arg>${response.json()}[${index}][body]</arg>
<doc>Returns a list containing given items.</doc>
<msg timestamp="20211013 12:44:39.299" level="INFO">@{row} = [ 4 | 39 | eos dolorem iste accusantium est eaque quam | corporis rerum ducimus vel eum accusantium
maxime aspernatur a porro possimus iste omnis
est in deleniti asperiores fuga aut
voluptas sapiente ...</msg>
<status status="PASS" starttime="20211013 12:44:39.294" endtime="20211013 12:44:39.299"/>
</kw>
<kw name="Append To List" library="Collections">
<arg>${rows}</arg>
<arg>${row}</arg>
<doc>Adds ``values`` to the end of ``list``.</doc>
<status status="PASS" starttime="20211013 12:44:39.300" endtime="20211013 12:44:39.300"/>
</kw>
<status status="PASS" starttime="20211013 12:44:39.293" endtime="20211013 12:44:39.301"/>
</iter>
<iter>
<var name="${index}">39</var>
<kw name="Create List" library="BuiltIn">
<var>@{row}</var>
<arg>${response.json()}[${index}][userId]</arg>
<arg>${response.json()}[${index}][id]</arg>
<arg>${response.json()}[${index}][title]</arg>
<arg>${response.json()}[${index}][body]</arg>
<doc>Returns a list containing given items.</doc>
<msg timestamp="20211013 12:44:39.306" level="INFO">@{row} = [ 4 | 40 | enim quo cumque | ut voluptatum aliquid illo tenetur nemo sequi quo facilis
ipsum rem optio mollitia quas
voluptatem eum voluptas qui
unde omnis voluptatem iure quasi maxime voluptas nam ]</msg>
<status status="PASS" starttime="20211013 12:44:39.301" endtime="20211013 12:44:39.306"/>
</kw>
<kw name="Append To List" library="Collections">
<arg>${rows}</arg>
<arg>${row}</arg>
<doc>Adds ``values`` to the end of ``list``.</doc>
<status status="PASS" starttime="20211013 12:44:39.306" endtime="20211013 12:44:39.306"/>
</kw>
<status status="PASS" starttime="20211013 12:44:39.301" endtime="20211013 12:44:39.306"/>
</iter>
<iter>
<var name="${index}">40</var>
<kw name="Create List" library="BuiltIn">
<var>@{row}</var>
<arg>${response.json()}[${index}][userId]</arg>
<arg>${response.json()}[${index}][id]</arg>
<arg>${response.json()}[${index}][title]</arg>
<arg>${response.json()}[${index}][body]</arg>
<doc>Returns a list containing given items.</doc>
<msg timestamp="20211013 12:44:39.312" level="INFO">@{row} = [ 5 | 41 | non est facere | molestias id nostrum
excepturi molestiae dolore omnis repellendus quaerat saepe
consectetur iste quaerat tenetur asperiores accusamus ex ut
nam quidem est ducimus sunt debi...</msg>
<status status="PASS" starttime="20211013 12:44:39.307" endtime="20211013 12:44:39.312"/>
</kw>
<kw name="Append To List" library="Collections">
<arg>${rows}</arg>
<arg>${row}</arg>
<doc>Adds ``values`` to the end of ``list``.</doc>
<status status="PASS" starttime="20211013 12:44:39.312" endtime="20211013 12:44:39.313"/>
</kw>
<status status="PASS" starttime="20211013 12:44:39.307" endtime="20211013 12:44:39.313"/>
</iter>
<iter>
<var name="${index}">41</var>
<kw name="Create List" library="BuiltIn">
<var>@{row}</var>
<arg>${response.json()}[${index}][userId]</arg>
<arg>${response.json()}[${index}][id]</arg>
<arg>${response.json()}[${index}][title]</arg>
<arg>${response.json()}[${index}][body]</arg>
<doc>Returns a list containing given items.</doc>
<msg timestamp="20211013 12:44:39.318" level="INFO">@{row} = [ 5 | 42 | commodi ullam sint et excepturi error explicabo praesentium voluptas | odio fugit voluptatum ducimus earum autem est incidunt voluptatem
odit reiciendis aliquam sunt sequi nulla dolorem
non...</msg>
<status status="PASS" starttime="20211013 12:44:39.313" endtime="20211013 12:44:39.318"/>
</kw>
<kw name="Append To List" library="Collections">
<arg>${rows}</arg>
<arg>${row}</arg>
<doc>Adds ``values`` to the end of ``list``.</doc>
<status status="PASS" starttime="20211013 12:44:39.318" endtime="20211013 12:44:39.319"/>
</kw>
<status status="PASS" starttime="20211013 12:44:39.313" endtime="20211013 12:44:39.319"/>
</iter>
<iter>
<var name="${index}">42</var>
<kw name="Create List" library="BuiltIn">
<var>@{row}</var>
<arg>${response.json()}[${index}][userId]</arg>
<arg>${response.json()}[${index}][id]</arg>
<arg>${response.json()}[${index}][title]</arg>
<arg>${response.json()}[${index}][body]</arg>
<doc>Returns a list containing given items.</doc>
<msg timestamp="20211013 12:44:39.324" level="INFO">@{row} = [ 5 | 43 | eligendi iste nostrum consequuntur adipisci praesentium sit beatae perferendis | similique fugit est
illum et dolorum harum et voluptate eaque quidem
exercitationem quos nam commodi possimu...</msg>
<status status="PASS" starttime="20211013 12:44:39.319" endtime="20211013 12:44:39.324"/>
</kw>
<kw name="Append To List" library="Collections">
<arg>${rows}</arg>
<arg>${row}</arg>
<doc>Adds ``values`` to the end of ``list``.</doc>
<status status="PASS" starttime="20211013 12:44:39.324" endtime="20211013 12:44:39.324"/>
</kw>
<status status="PASS" starttime="20211013 12:44:39.319" endtime="20211013 12:44:39.324"/>
</iter>
<iter>
<var name="${index}">43</var>
<kw name="Create List" library="BuiltIn">
<var>@{row}</var>
<arg>${response.json()}[${index}][userId]</arg>
<arg>${response.json()}[${index}][id]</arg>
<arg>${response.json()}[${index}][title]</arg>
<arg>${response.json()}[${index}][body]</arg>
<doc>Returns a list containing given items.</doc>
<msg timestamp="20211013 12:44:39.329" level="INFO">@{row} = [ 5 | 44 | optio dolor molestias sit | temporibus est consectetur dolore
et libero debitis vel velit laboriosam quia
ipsum quibusdam qui itaque fuga rem aut
ea et iure quam sed maxime ut distinctio qu...</msg>
<status status="PASS" starttime="20211013 12:44:39.324" endtime="20211013 12:44:39.329"/>
</kw>
<kw name="Append To List" library="Collections">
<arg>${rows}</arg>
<arg>${row}</arg>
<doc>Adds ``values`` to the end of ``list``.</doc>
<status status="PASS" starttime="20211013 12:44:39.329" endtime="20211013 12:44:39.330"/>
</kw>
<status status="PASS" starttime="20211013 12:44:39.324" endtime="20211013 12:44:39.330"/>
</iter>
<iter>
<var name="${index}">44</var>
<kw name="Create List" library="BuiltIn">
<var>@{row}</var>
<arg>${response.json()}[${index}][userId]</arg>
<arg>${response.json()}[${index}][id]</arg>
<arg>${response.json()}[${index}][title]</arg>
<arg>${response.json()}[${index}][body]</arg>
<doc>Returns a list containing given items.</doc>
<msg timestamp="20211013 12:44:39.334" level="INFO">@{row} = [ 5 | 45 | ut numquam possimus omnis eius suscipit laudantium iure | est natus reiciendis nihil possimus aut provident
ex et dolor
repellat pariatur est
nobis rerum repellendus dolorem autem ]</msg>
<status status="PASS" starttime="20211013 12:44:39.330" endtime="20211013 12:44:39.335"/>
</kw>
<kw name="Append To List" library="Collections">
<arg>${rows}</arg>
<arg>${row}</arg>
<doc>Adds ``values`` to the end of ``list``.</doc>
<status status="PASS" starttime="20211013 12:44:39.335" endtime="20211013 12:44:39.336"/>
</kw>
<status status="PASS" starttime="20211013 12:44:39.330" endtime="20211013 12:44:39.336"/>
</iter>
<iter>
<var name="${index}">45</var>
<kw name="Create List" library="BuiltIn">
<var>@{row}</var>
<arg>${response.json()}[${index}][userId]</arg>
<arg>${response.json()}[${index}][id]</arg>
<arg>${response.json()}[${index}][title]</arg>
<arg>${response.json()}[${index}][body]</arg>
<doc>Returns a list containing given items.</doc>
<msg timestamp="20211013 12:44:39.342" level="INFO">@{row} = [ 5 | 46 | aut quo modi neque nostrum ducimus | voluptatem quisquam iste
voluptatibus natus officiis facilis dolorem
quis quas ipsam
vel et voluptatum in aliquid ]</msg>
<status status="PASS" starttime="20211013 12:44:39.336" endtime="20211013 12:44:39.342"/>
</kw>
<kw name="Append To List" library="Collections">
<arg>${rows}</arg>
<arg>${row}</arg>
<doc>Adds ``values`` to the end of ``list``.</doc>
<status status="PASS" starttime="20211013 12:44:39.342" endtime="20211013 12:44:39.342"/>
</kw>
<status status="PASS" starttime="20211013 12:44:39.336" endtime="20211013 12:44:39.342"/>
</iter>
<iter>
<var name="${index}">46</var>
<kw name="Create List" library="BuiltIn">
<var>@{row}</var>
<arg>${response.json()}[${index}][userId]</arg>
<arg>${response.json()}[${index}][id]</arg>
<arg>${response.json()}[${index}][title]</arg>
<arg>${response.json()}[${index}][body]</arg>
<doc>Returns a list containing given items.</doc>
<msg timestamp="20211013 12:44:39.348" level="INFO">@{row} = [ 5 | 47 | quibusdam cumque rem aut deserunt | voluptatem assumenda ut qui ut cupiditate aut impedit veniam
occaecati nemo illum voluptatem laudantium
molestiae beatae rerum ea iure soluta nostrum
eli...</msg>
<status status="PASS" starttime="20211013 12:44:39.343" endtime="20211013 12:44:39.348"/>
</kw>
<kw name="Append To List" library="Collections">
<arg>${rows}</arg>
<arg>${row}</arg>
<doc>Adds ``values`` to the end of ``list``.</doc>
<status status="PASS" starttime="20211013 12:44:39.348" endtime="20211013 12:44:39.348"/>
</kw>
<status status="PASS" starttime="20211013 12:44:39.342" endtime="20211013 12:44:39.348"/>
</iter>
<iter>
<var name="${index}">47</var>
<kw name="Create List" library="BuiltIn">
<var>@{row}</var>
<arg>${response.json()}[${index}][userId]</arg>
<arg>${response.json()}[${index}][id]</arg>
<arg>${response.json()}[${index}][title]</arg>
<arg>${response.json()}[${index}][body]</arg>
<doc>Returns a list containing given items.</doc>
<msg timestamp="20211013 12:44:39.354" level="INFO">@{row} = [ 5 | 48 | ut voluptatem illum ea doloribus itaque eos | voluptates quo voluptatem facilis iure occaecati
vel assumenda rerum officia et
illum perspiciatis ab deleniti
laudantium repellat ad ut et aut...</msg>
<status status="PASS" starttime="20211013 12:44:39.349" endtime="20211013 12:44:39.355"/>
</kw>
<kw name="Append To List" library="Collections">
<arg>${rows}</arg>
<arg>${row}</arg>
<doc>Adds ``values`` to the end of ``list``.</doc>
<status status="PASS" starttime="20211013 12:44:39.355" endtime="20211013 12:44:39.355"/>
</kw>
<status status="PASS" starttime="20211013 12:44:39.349" endtime="20211013 12:44:39.356"/>
</iter>
<iter>
<var name="${index}">48</var>
<kw name="Create List" library="BuiltIn">
<var>@{row}</var>
<arg>${response.json()}[${index}][userId]</arg>
<arg>${response.json()}[${index}][id]</arg>
<arg>${response.json()}[${index}][title]</arg>
<arg>${response.json()}[${index}][body]</arg>
<doc>Returns a list containing given items.</doc>
<msg timestamp="20211013 12:44:39.360" level="INFO">@{row} = [ 5 | 49 | laborum non sunt aut ut assumenda perspiciatis voluptas | inventore ab sint
natus fugit id nulla sequi architecto nihil quaerat
eos tenetur in in eum veritatis non
quibusdam officiis aspern...</msg>
<status status="PASS" starttime="20211013 12:44:39.356" endtime="20211013 12:44:39.360"/>
</kw>
<kw name="Append To List" library="Collections">
<arg>${rows}</arg>
<arg>${row}</arg>
<doc>Adds ``values`` to the end of ``list``.</doc>
<status status="PASS" starttime="20211013 12:44:39.361" endtime="20211013 12:44:39.361"/>
</kw>
<status status="PASS" starttime="20211013 12:44:39.356" endtime="20211013 12:44:39.361"/>
</iter>
<iter>
<var name="${index}">49</var>
<kw name="Create List" library="BuiltIn">
<var>@{row}</var>
<arg>${response.json()}[${index}][userId]</arg>
<arg>${response.json()}[${index}][id]</arg>
<arg>${response.json()}[${index}][title]</arg>
<arg>${response.json()}[${index}][body]</arg>
<doc>Returns a list containing given items.</doc>
<msg timestamp="20211013 12:44:39.366" level="INFO">@{row} = [ 5 | 50 | repellendus qui recusandae incidunt voluptates tenetur qui omnis exercitationem | error suscipit maxime adipisci consequuntur recusandae
voluptas eligendi et est et voluptates
quia distinct...</msg>
<status status="PASS" starttime="20211013 12:44:39.361" endtime="20211013 12:44:39.366"/>
</kw>
<kw name="Append To List" library="Collections">
<arg>${rows}</arg>
<arg>${row}</arg>
<doc>Adds ``values`` to the end of ``list``.</doc>
<status status="PASS" starttime="20211013 12:44:39.366" endtime="20211013 12:44:39.367"/>
</kw>
<status status="PASS" starttime="20211013 12:44:39.361" endtime="20211013 12:44:39.367"/>
</iter>
<iter>
<var name="${index}">50</var>
<kw name="Create List" library="BuiltIn">
<var>@{row}</var>
<arg>${response.json()}[${index}][userId]</arg>
<arg>${response.json()}[${index}][id]</arg>
<arg>${response.json()}[${index}][title]</arg>
<arg>${response.json()}[${index}][body]</arg>
<doc>Returns a list containing given items.</doc>
<msg timestamp="20211013 12:44:39.371" level="INFO">@{row} = [ 6 | 51 | soluta aliquam aperiam consequatur illo quis voluptas | sunt dolores aut doloribus
dolore doloribus voluptates tempora et
doloremque et quo
cum asperiores sit consectetur dolorem ]</msg>
<status status="PASS" starttime="20211013 12:44:39.367" endtime="20211013 12:44:39.372"/>
</kw>
<kw name="Append To List" library="Collections">
<arg>${rows}</arg>
<arg>${row}</arg>
<doc>Adds ``values`` to the end of ``list``.</doc>
<status status="PASS" starttime="20211013 12:44:39.372" endtime="20211013 12:44:39.372"/>
</kw>
<status status="PASS" starttime="20211013 12:44:39.367" endtime="20211013 12:44:39.372"/>
</iter>
<iter>
<var name="${index}">51</var>
<kw name="Create List" library="BuiltIn">
<var>@{row}</var>
<arg>${response.json()}[${index}][userId]</arg>
<arg>${response.json()}[${index}][id]</arg>
<arg>${response.json()}[${index}][title]</arg>
<arg>${response.json()}[${index}][body]</arg>
<doc>Returns a list containing given items.</doc>
<msg timestamp="20211013 12:44:39.377" level="INFO">@{row} = [ 6 | 52 | qui enim et consequuntur quia animi quis voluptate quibusdam | iusto est quibusdam fuga quas quaerat molestias
a enim ut sit accusamus enim
temporibus iusto accusantium provident architecto...</msg>
<status status="PASS" starttime="20211013 12:44:39.372" endtime="20211013 12:44:39.377"/>
</kw>
<kw name="Append To List" library="Collections">
<arg>${rows}</arg>
<arg>${row}</arg>
<doc>Adds ``values`` to the end of ``list``.</doc>
<status status="PASS" starttime="20211013 12:44:39.377" endtime="20211013 12:44:39.377"/>
</kw>
<status status="PASS" starttime="20211013 12:44:39.372" endtime="20211013 12:44:39.377"/>
</iter>
<iter>
<var name="${index}">52</var>
<kw name="Create List" library="BuiltIn">
<var>@{row}</var>
<arg>${response.json()}[${index}][userId]</arg>
<arg>${response.json()}[${index}][id]</arg>
<arg>${response.json()}[${index}][title]</arg>
<arg>${response.json()}[${index}][body]</arg>
<doc>Returns a list containing given items.</doc>
<msg timestamp="20211013 12:44:39.382" level="INFO">@{row} = [ 6 | 53 | ut quo aut ducimus alias | minima harum praesentium eum rerum illo dolore
quasi exercitationem rerum nam
porro quis neque quo
consequatur minus dolor quidem veritatis sunt non explicabo sim...</msg>
<status status="PASS" starttime="20211013 12:44:39.378" endtime="20211013 12:44:39.382"/>
</kw>
<kw name="Append To List" library="Collections">
<arg>${rows}</arg>
<arg>${row}</arg>
<doc>Adds ``values`` to the end of ``list``.</doc>
<status status="PASS" starttime="20211013 12:44:39.383" endtime="20211013 12:44:39.383"/>
</kw>
<status status="PASS" starttime="20211013 12:44:39.377" endtime="20211013 12:44:39.384"/>
</iter>
<iter>
<var name="${index}">53</var>
<kw name="Create List" library="BuiltIn">
<var>@{row}</var>
<arg>${response.json()}[${index}][userId]</arg>
<arg>${response.json()}[${index}][id]</arg>
<arg>${response.json()}[${index}][title]</arg>
<arg>${response.json()}[${index}][body]</arg>
<doc>Returns a list containing given items.</doc>
<msg timestamp="20211013 12:44:39.390" level="INFO">@{row} = [ 6 | 54 | sit asperiores ipsam eveniet odio non quia | totam corporis dignissimos
vitae dolorem ut occaecati accusamus
ex velit deserunt
et exercitationem vero incidunt corrupti mollitia ]</msg>
<status status="PASS" starttime="20211013 12:44:39.384" endtime="20211013 12:44:39.390"/>
</kw>
<kw name="Append To List" library="Collections">
<arg>${rows}</arg>
<arg>${row}</arg>
<doc>Adds ``values`` to the end of ``list``.</doc>
<status status="PASS" starttime="20211013 12:44:39.390" endtime="20211013 12:44:39.391"/>
</kw>
<status status="PASS" starttime="20211013 12:44:39.384" endtime="20211013 12:44:39.391"/>
</iter>
<iter>
<var name="${index}">54</var>
<kw name="Create List" library="BuiltIn">
<var>@{row}</var>
<arg>${response.json()}[${index}][userId]</arg>
<arg>${response.json()}[${index}][id]</arg>
<arg>${response.json()}[${index}][title]</arg>
<arg>${response.json()}[${index}][body]</arg>
<doc>Returns a list containing given items.</doc>
<msg timestamp="20211013 12:44:39.397" level="INFO">@{row} = [ 6 | 55 | sit vel voluptatem et non libero | debitis excepturi ea perferendis harum libero optio
eos accusamus cum fuga ut sapiente repudiandae
et ut incidunt omnis molestiae
nihil ut eum odit ]</msg>
<status status="PASS" starttime="20211013 12:44:39.392" endtime="20211013 12:44:39.397"/>
</kw>
<kw name="Append To List" library="Collections">
<arg>${rows}</arg>
<arg>${row}</arg>
<doc>Adds ``values`` to the end of ``list``.</doc>
<status status="PASS" starttime="20211013 12:44:39.397" endtime="20211013 12:44:39.397"/>
</kw>
<status status="PASS" starttime="20211013 12:44:39.391" endtime="20211013 12:44:39.397"/>
</iter>
<iter>
<var name="${index}">55</var>
<kw name="Create List" library="BuiltIn">
<var>@{row}</var>
<arg>${response.json()}[${index}][userId]</arg>
<arg>${response.json()}[${index}][id]</arg>
<arg>${response.json()}[${index}][title]</arg>
<arg>${response.json()}[${index}][body]</arg>
<doc>Returns a list containing given items.</doc>
<msg timestamp="20211013 12:44:39.402" level="INFO">@{row} = [ 6 | 56 | qui et at rerum necessitatibus | aut est omnis dolores
neque rerum quod ea rerum velit pariatur beatae excepturi
et provident voluptas corrupti
corporis harum reprehenderit dolores eligendi...</msg>
<status status="PASS" starttime="20211013 12:44:39.398" endtime="20211013 12:44:39.403"/>
</kw>
<kw name="Append To List" library="Collections">
<arg>${rows}</arg>
<arg>${row}</arg>
<doc>Adds ``values`` to the end of ``list``.</doc>
<status status="PASS" starttime="20211013 12:44:39.403" endtime="20211013 12:44:39.403"/>
</kw>
<status status="PASS" starttime="20211013 12:44:39.398" endtime="20211013 12:44:39.403"/>
</iter>
<iter>
<var name="${index}">56</var>
<kw name="Create List" library="BuiltIn">
<var>@{row}</var>
<arg>${response.json()}[${index}][userId]</arg>
<arg>${response.json()}[${index}][id]</arg>
<arg>${response.json()}[${index}][title]</arg>
<arg>${response.json()}[${index}][body]</arg>
<doc>Returns a list containing given items.</doc>
<msg timestamp="20211013 12:44:39.408" level="INFO">@{row} = [ 6 | 57 | sed ab est est | at pariatur consequuntur earum quidem
quo est laudantium soluta voluptatem
qui ullam et est
et cum voluptas voluptatum repellat est ]</msg>
<status status="PASS" starttime="20211013 12:44:39.403" endtime="20211013 12:44:39.408"/>
</kw>
<kw name="Append To List" library="Collections">
<arg>${rows}</arg>
<arg>${row}</arg>
<doc>Adds ``values`` to the end of ``list``.</doc>
<status status="PASS" starttime="20211013 12:44:39.408" endtime="20211013 12:44:39.408"/>
</kw>
<status status="PASS" starttime="20211013 12:44:39.403" endtime="20211013 12:44:39.408"/>
</iter>
<iter>
<var name="${index}">57</var>
<kw name="Create List" library="BuiltIn">
<var>@{row}</var>
<arg>${response.json()}[${index}][userId]</arg>
<arg>${response.json()}[${index}][id]</arg>
<arg>${response.json()}[${index}][title]</arg>
<arg>${response.json()}[${index}][body]</arg>
<doc>Returns a list containing given items.</doc>
<msg timestamp="20211013 12:44:39.413" level="INFO">@{row} = [ 6 | 58 | voluptatum itaque dolores nisi et quasi | veniam voluptatum quae adipisci id
et id quia eos ad et dolorem
aliquam quo nisi sunt eos impedit error
ad similique veniam ]</msg>
<status status="PASS" starttime="20211013 12:44:39.409" endtime="20211013 12:44:39.413"/>
</kw>
<kw name="Append To List" library="Collections">
<arg>${rows}</arg>
<arg>${row}</arg>
<doc>Adds ``values`` to the end of ``list``.</doc>
<status status="PASS" starttime="20211013 12:44:39.413" endtime="20211013 12:44:39.414"/>
</kw>
<status status="PASS" starttime="20211013 12:44:39.408" endtime="20211013 12:44:39.414"/>
</iter>
<iter>
<var name="${index}">58</var>
<kw name="Create List" library="BuiltIn">
<var>@{row}</var>
<arg>${response.json()}[${index}][userId]</arg>
<arg>${response.json()}[${index}][id]</arg>
<arg>${response.json()}[${index}][title]</arg>
<arg>${response.json()}[${index}][body]</arg>
<doc>Returns a list containing given items.</doc>
<msg timestamp="20211013 12:44:39.420" level="INFO">@{row} = [ 6 | 59 | qui commodi dolor at maiores et quis id accusantium | perspiciatis et quam ea autem temporibus non voluptatibus qui
beatae a earum officia nesciunt dolores suscipit voluptas et
animi dolori...</msg>
<status status="PASS" starttime="20211013 12:44:39.414" endtime="20211013 12:44:39.420"/>
</kw>
<kw name="Append To List" library="Collections">
<arg>${rows}</arg>
<arg>${row}</arg>
<doc>Adds ``values`` to the end of ``list``.</doc>
<status status="PASS" starttime="20211013 12:44:39.420" endtime="20211013 12:44:39.420"/>
</kw>
<status status="PASS" starttime="20211013 12:44:39.414" endtime="20211013 12:44:39.420"/>
</iter>
<iter>
<var name="${index}">59</var>
<kw name="Create List" library="BuiltIn">
<var>@{row}</var>
<arg>${response.json()}[${index}][userId]</arg>
<arg>${response.json()}[${index}][id]</arg>
<arg>${response.json()}[${index}][title]</arg>
<arg>${response.json()}[${index}][body]</arg>
<doc>Returns a list containing given items.</doc>
<msg timestamp="20211013 12:44:39.425" level="INFO">@{row} = [ 6 | 60 | consequatur placeat omnis quisquam quia reprehenderit fugit veritatis facere | asperiores sunt ab assumenda cumque modi velit
qui esse omnis
voluptate et fuga perferendis voluptas
illo rati...</msg>
<status status="PASS" starttime="20211013 12:44:39.420" endtime="20211013 12:44:39.425"/>
</kw>
<kw name="Append To List" library="Collections">
<arg>${rows}</arg>
<arg>${row}</arg>
<doc>Adds ``values`` to the end of ``list``.</doc>
<status status="PASS" starttime="20211013 12:44:39.425" endtime="20211013 12:44:39.427"/>
</kw>
<status status="PASS" starttime="20211013 12:44:39.420" endtime="20211013 12:44:39.427"/>
</iter>
<iter>
<var name="${index}">60</var>
<kw name="Create List" library="BuiltIn">
<var>@{row}</var>
<arg>${response.json()}[${index}][userId]</arg>
<arg>${response.json()}[${index}][id]</arg>
<arg>${response.json()}[${index}][title]</arg>
<arg>${response.json()}[${index}][body]</arg>
<doc>Returns a list containing given items.</doc>
<msg timestamp="20211013 12:44:39.431" level="INFO">@{row} = [ 7 | 61 | voluptatem doloribus consectetur est ut ducimus | ab nemo optio odio
delectus tenetur corporis similique nobis repellendus rerum omnis facilis
vero blanditiis debitis in nesciunt doloribus ...</msg>
<status status="PASS" starttime="20211013 12:44:39.427" endtime="20211013 12:44:39.431"/>
</kw>
<kw name="Append To List" library="Collections">
<arg>${rows}</arg>
<arg>${row}</arg>
<doc>Adds ``values`` to the end of ``list``.</doc>
<status status="PASS" starttime="20211013 12:44:39.431" endtime="20211013 12:44:39.432"/>
</kw>
<status status="PASS" starttime="20211013 12:44:39.427" endtime="20211013 12:44:39.432"/>
</iter>
<iter>
<var name="${index}">61</var>
<kw name="Create List" library="BuiltIn">
<var>@{row}</var>
<arg>${response.json()}[${index}][userId]</arg>
<arg>${response.json()}[${index}][id]</arg>
<arg>${response.json()}[${index}][title]</arg>
<arg>${response.json()}[${index}][body]</arg>
<doc>Returns a list containing given items.</doc>
<msg timestamp="20211013 12:44:39.435" level="INFO">@{row} = [ 7 | 62 | beatae enim quia vel | enim aspernatur illo distinctio quae praesentium
beatae alias amet delectus qui voluptate distinctio
odit sint accusantium autem omnis
quo molestiae omnis ea eveniet ...</msg>
<status status="PASS" starttime="20211013 12:44:39.432" endtime="20211013 12:44:39.436"/>
</kw>
<kw name="Append To List" library="Collections">
<arg>${rows}</arg>
<arg>${row}</arg>
<doc>Adds ``values`` to the end of ``list``.</doc>
<status status="PASS" starttime="20211013 12:44:39.436" endtime="20211013 12:44:39.436"/>
</kw>
<status status="PASS" starttime="20211013 12:44:39.432" endtime="20211013 12:44:39.436"/>
</iter>
<iter>
<var name="${index}">62</var>
<kw name="Create List" library="BuiltIn">
<var>@{row}</var>
<arg>${response.json()}[${index}][userId]</arg>
<arg>${response.json()}[${index}][id]</arg>
<arg>${response.json()}[${index}][title]</arg>
<arg>${response.json()}[${index}][body]</arg>
<doc>Returns a list containing given items.</doc>
<msg timestamp="20211013 12:44:39.441" level="INFO">@{row} = [ 7 | 63 | voluptas blanditiis repellendus animi ducimus error sapiente et suscipit | enim adipisci aspernatur nemo
numquam omnis facere dolorem dolor ex quis temporibus incidunt
ab delectus culpa quo...</msg>
<status status="PASS" starttime="20211013 12:44:39.437" endtime="20211013 12:44:39.442"/>
</kw>
<kw name="Append To List" library="Collections">
<arg>${rows}</arg>
<arg>${row}</arg>
<doc>Adds ``values`` to the end of ``list``.</doc>
<status status="PASS" starttime="20211013 12:44:39.442" endtime="20211013 12:44:39.442"/>
</kw>
<status status="PASS" starttime="20211013 12:44:39.437" endtime="20211013 12:44:39.442"/>
</iter>
<iter>
<var name="${index}">63</var>
<kw name="Create List" library="BuiltIn">
<var>@{row}</var>
<arg>${response.json()}[${index}][userId]</arg>
<arg>${response.json()}[${index}][id]</arg>
<arg>${response.json()}[${index}][title]</arg>
<arg>${response.json()}[${index}][body]</arg>
<doc>Returns a list containing given items.</doc>
<msg timestamp="20211013 12:44:39.448" level="INFO">@{row} = [ 7 | 64 | et fugit quas eum in in aperiam quod | id velit blanditiis
eum ea voluptatem
molestiae sint occaecati est eos perspiciatis
incidunt a error provident eaque aut aut qui ]</msg>
<status status="PASS" starttime="20211013 12:44:39.443" endtime="20211013 12:44:39.448"/>
</kw>
<kw name="Append To List" library="Collections">
<arg>${rows}</arg>
<arg>${row}</arg>
<doc>Adds ``values`` to the end of ``list``.</doc>
<status status="PASS" starttime="20211013 12:44:39.448" endtime="20211013 12:44:39.448"/>
</kw>
<status status="PASS" starttime="20211013 12:44:39.442" endtime="20211013 12:44:39.448"/>
</iter>
<iter>
<var name="${index}">64</var>
[...]
<arg>${row}</arg>
<doc>Adds ``values`` to the end of ``list``.</doc>
<status status="PASS" starttime="20211013 12:44:39.565" endtime="20211013 12:44:39.568"/>
</kw>
<status status="PASS" starttime="20211013 12:44:39.553" endtime="20211013 12:44:39.568"/>
</iter>
<iter>
<var name="${index}">82</var>
<kw name="Create List" library="BuiltIn">
<var>@{row}</var>
<arg>${response.json()}[${index}][userId]</arg>
<arg>${response.json()}[${index}][id]</arg>
<arg>${response.json()}[${index}][title]</arg>
<arg>${response.json()}[${index}][body]</arg>
<doc>Returns a list containing given items.</doc>
<msg timestamp="20211013 12:44:39.574" level="INFO">@{row} = [ 9 | 83 | odit et voluptates doloribus alias odio et | est molestiae facilis quis tempora numquam nihil qui
voluptate sapiente consequatur est qui
necessitatibus autem aut ipsa aperiam modi dolore nu...</msg>
<status status="PASS" starttime="20211013 12:44:39.569" endtime="20211013 12:44:39.574"/>
</kw>
<kw name="Append To List" library="Collections">
<arg>${rows}</arg>
<arg>${row}</arg>
<doc>Adds ``values`` to the end of ``list``.</doc>
<status status="PASS" starttime="20211013 12:44:39.575" endtime="20211013 12:44:39.575"/>
</kw>
<status status="PASS" starttime="20211013 12:44:39.568" endtime="20211013 12:44:39.575"/>
</iter>
<iter>
<var name="${index}">83</var>
<kw name="Create List" library="BuiltIn">
<var>@{row}</var>
<arg>${response.json()}[${index}][userId]</arg>
<arg>${response.json()}[${index}][id]</arg>
<arg>${response.json()}[${index}][title]</arg>
<arg>${response.json()}[${index}][body]</arg>
<doc>Returns a list containing given items.</doc>
<msg timestamp="20211013 12:44:39.581" level="INFO">@{row} = [ 9 | 84 | optio ipsam molestias necessitatibus occaecati facilis veritatis dolores aut | sint molestiae magni a et quos
eaque et quasi
ut rerum debitis similique veniam
recusandae dignissimos dolor i...</msg>
<status status="PASS" starttime="20211013 12:44:39.575" endtime="20211013 12:44:39.581"/>
</kw>
<kw name="Append To List" library="Collections">
<arg>${rows}</arg>
<arg>${row}</arg>
<doc>Adds ``values`` to the end of ``list``.</doc>
<status status="PASS" starttime="20211013 12:44:39.581" endtime="20211013 12:44:39.582"/>
</kw>
<status status="PASS" starttime="20211013 12:44:39.575" endtime="20211013 12:44:39.582"/>
</iter>
<iter>
<var name="${index}">84</var>
<kw name="Create List" library="BuiltIn">
<var>@{row}</var>
<arg>${response.json()}[${index}][userId]</arg>
<arg>${response.json()}[${index}][id]</arg>
<arg>${response.json()}[${index}][title]</arg>
<arg>${response.json()}[${index}][body]</arg>
<doc>Returns a list containing given items.</doc>
<msg timestamp="20211013 12:44:39.587" level="INFO">@{row} = [ 9 | 85 | dolore veritatis porro provident adipisci blanditiis et sunt | similique sed nisi voluptas iusto omnis
mollitia et quo
assumenda suscipit officia magnam sint sed tempora
enim provident pari...</msg>
<status status="PASS" starttime="20211013 12:44:39.582" endtime="20211013 12:44:39.587"/>
</kw>
<kw name="Append To List" library="Collections">
<arg>${rows}</arg>
<arg>${row}</arg>
<doc>Adds ``values`` to the end of ``list``.</doc>
<status status="PASS" starttime="20211013 12:44:39.588" endtime="20211013 12:44:39.588"/>
</kw>
<status status="PASS" starttime="20211013 12:44:39.582" endtime="20211013 12:44:39.588"/>
</iter>
<iter>
<var name="${index}">85</var>
<kw name="Create List" library="BuiltIn">
<var>@{row}</var>
<arg>${response.json()}[${index}][userId]</arg>
<arg>${response.json()}[${index}][id]</arg>
<arg>${response.json()}[${index}][title]</arg>
<arg>${response.json()}[${index}][body]</arg>
<doc>Returns a list containing given items.</doc>
<msg timestamp="20211013 12:44:39.593" level="INFO">@{row} = [ 9 | 86 | placeat quia et porro iste | quasi excepturi consequatur iste autem temporibus sed molestiae beatae
et quaerat et esse ut
voluptatem occaecati et vel explicabo autem
asperiores pariatur des...</msg>
<status status="PASS" starttime="20211013 12:44:39.588" endtime="20211013 12:44:39.593"/>
</kw>
<kw name="Append To List" library="Collections">
<arg>${rows}</arg>
<arg>${row}</arg>
<doc>Adds ``values`` to the end of ``list``.</doc>
<status status="PASS" starttime="20211013 12:44:39.594" endtime="20211013 12:44:39.594"/>
</kw>
<status status="PASS" starttime="20211013 12:44:39.588" endtime="20211013 12:44:39.594"/>
</iter>
<iter>
<var name="${index}">86</var>
<kw name="Create List" library="BuiltIn">
<var>@{row}</var>
<arg>${response.json()}[${index}][userId]</arg>
<arg>${response.json()}[${index}][id]</arg>
<arg>${response.json()}[${index}][title]</arg>
<arg>${response.json()}[${index}][body]</arg>
<doc>Returns a list containing given items.</doc>
<msg timestamp="20211013 12:44:39.600" level="INFO">@{row} = [ 9 | 87 | nostrum quis quasi placeat | eos et molestiae
nesciunt ut a
dolores perspiciatis repellendus repellat aliquid
magnam sint rem ipsum est ]</msg>
<status status="PASS" starttime="20211013 12:44:39.594" endtime="20211013 12:44:39.600"/>
</kw>
<kw name="Append To List" library="Collections">
<arg>${rows}</arg>
<arg>${row}</arg>
<doc>Adds ``values`` to the end of ``list``.</doc>
<status status="PASS" starttime="20211013 12:44:39.600" endtime="20211013 12:44:39.600"/>
</kw>
<status status="PASS" starttime="20211013 12:44:39.594" endtime="20211013 12:44:39.600"/>
</iter>
<iter>
<var name="${index}">87</var>
<kw name="Create List" library="BuiltIn">
<var>@{row}</var>
<arg>${response.json()}[${index}][userId]</arg>
<arg>${response.json()}[${index}][id]</arg>
<arg>${response.json()}[${index}][title]</arg>
<arg>${response.json()}[${index}][body]</arg>
<doc>Returns a list containing given items.</doc>
<msg timestamp="20211013 12:44:39.610" level="INFO">@{row} = [ 9 | 88 | sapiente omnis fugit eos | consequatur omnis est praesentium
ducimus non iste
neque hic deserunt
voluptatibus veniam cum et rerum sed ]</msg>
<status status="PASS" starttime="20211013 12:44:39.601" endtime="20211013 12:44:39.610"/>
</kw>
<kw name="Append To List" library="Collections">
<arg>${rows}</arg>
<arg>${row}</arg>
<doc>Adds ``values`` to the end of ``list``.</doc>
<status status="PASS" starttime="20211013 12:44:39.610" endtime="20211013 12:44:39.612"/>
</kw>
<status status="PASS" starttime="20211013 12:44:39.600" endtime="20211013 12:44:39.612"/>
</iter>
<iter>
<var name="${index}">88</var>
<kw name="Create List" library="BuiltIn">
<var>@{row}</var>
<arg>${response.json()}[${index}][userId]</arg>
<arg>${response.json()}[${index}][id]</arg>
<arg>${response.json()}[${index}][title]</arg>
<arg>${response.json()}[${index}][body]</arg>
<doc>Returns a list containing given items.</doc>
<msg timestamp="20211013 12:44:39.621" level="INFO">@{row} = [ 9 | 89 | sint soluta et vel magnam aut ut sed qui | repellat aut aperiam totam temporibus autem et
architecto magnam ut
consequatur qui cupiditate rerum quia soluta dignissimos nihil iure
tempore qu...</msg>
<status status="PASS" starttime="20211013 12:44:39.613" endtime="20211013 12:44:39.621"/>
</kw>
<kw name="Append To List" library="Collections">
<arg>${rows}</arg>
<arg>${row}</arg>
<doc>Adds ``values`` to the end of ``list``.</doc>
<status status="PASS" starttime="20211013 12:44:39.621" endtime="20211013 12:44:39.621"/>
</kw>
<status status="PASS" starttime="20211013 12:44:39.612" endtime="20211013 12:44:39.621"/>
</iter>
<iter>
<var name="${index}">89</var>
<kw name="Create List" library="BuiltIn">
<var>@{row}</var>
<arg>${response.json()}[${index}][userId]</arg>
<arg>${response.json()}[${index}][id]</arg>
<arg>${response.json()}[${index}][title]</arg>
<arg>${response.json()}[${index}][body]</arg>
<doc>Returns a list containing given items.</doc>
<msg timestamp="20211013 12:44:39.628" level="INFO">@{row} = [ 9 | 90 | ad iusto omnis odit dolor voluptatibus | minus omnis soluta quia
qui sed adipisci voluptates illum ipsam voluptatem
eligendi officia ut in
eos soluta similique molestias praesentium blandit...</msg>
<status status="PASS" starttime="20211013 12:44:39.622" endtime="20211013 12:44:39.628"/>
</kw>
<kw name="Append To List" library="Collections">
<arg>${rows}</arg>
<arg>${row}</arg>
<doc>Adds ``values`` to the end of ``list``.</doc>
<status status="PASS" starttime="20211013 12:44:39.629" endtime="20211013 12:44:39.629"/>
</kw>
<status status="PASS" starttime="20211013 12:44:39.622" endtime="20211013 12:44:39.630"/>
</iter>
<iter>
<var name="${index}">90</var>
<kw name="Create List" library="BuiltIn">
<var>@{row}</var>
<arg>${response.json()}[${index}][userId]</arg>
<arg>${response.json()}[${index}][id]</arg>
<arg>${response.json()}[${index}][title]</arg>
<arg>${response.json()}[${index}][body]</arg>
<doc>Returns a list containing given items.</doc>
<msg timestamp="20211013 12:44:39.637" level="INFO">@{row} = [ 10 | 91 | aut amet sed | libero voluptate eveniet aperiam sed
sunt placeat suscipit molestias
similique fugit nam natus
expedita consequatur consequatur dolores quia eos et placeat ]</msg>
<status status="PASS" starttime="20211013 12:44:39.630" endtime="20211013 12:44:39.637"/>
</kw>
<kw name="Append To List" library="Collections">
<arg>${rows}</arg>
<arg>${row}</arg>
<doc>Adds ``values`` to the end of ``list``.</doc>
<status status="PASS" starttime="20211013 12:44:39.637" endtime="20211013 12:44:39.638"/>
</kw>
<status status="PASS" starttime="20211013 12:44:39.630" endtime="20211013 12:44:39.638"/>
</iter>
<iter>
<var name="${index}">91</var>
<kw name="Create List" library="BuiltIn">
<var>@{row}</var>
<arg>${response.json()}[${index}][userId]</arg>
<arg>${response.json()}[${index}][id]</arg>
<arg>${response.json()}[${index}][title]</arg>
<arg>${response.json()}[${index}][body]</arg>
<doc>Returns a list containing given items.</doc>
<msg timestamp="20211013 12:44:39.645" level="INFO">@{row} = [ 10 | 92 | ratione ex tenetur perferendis | aut et excepturi dicta laudantium sint rerum nihil
laudantium et at
a neque minima officia et similique libero et
commodi voluptate qui ]</msg>
<status status="PASS" starttime="20211013 12:44:39.638" endtime="20211013 12:44:39.645"/>
</kw>
<kw name="Append To List" library="Collections">
<arg>${rows}</arg>
<arg>${row}</arg>
<doc>Adds ``values`` to the end of ``list``.</doc>
<status status="PASS" starttime="20211013 12:44:39.645" endtime="20211013 12:44:39.645"/>
</kw>
<status status="PASS" starttime="20211013 12:44:39.638" endtime="20211013 12:44:39.645"/>
</iter>
<iter>
<var name="${index}">92</var>
<kw name="Create List" library="BuiltIn">
<var>@{row}</var>
<arg>${response.json()}[${index}][userId]</arg>
<arg>${response.json()}[${index}][id]</arg>
<arg>${response.json()}[${index}][title]</arg>
<arg>${response.json()}[${index}][body]</arg>
<doc>Returns a list containing given items.</doc>
<msg timestamp="20211013 12:44:39.652" level="INFO">@{row} = [ 10 | 93 | beatae soluta recusandae | dolorem quibusdam ducimus consequuntur dicta aut quo laboriosam
voluptatem quis enim recusandae ut sed sunt
nostrum est odit totam
sit error sed sunt eveniet pro...</msg>
<status status="PASS" starttime="20211013 12:44:39.646" endtime="20211013 12:44:39.652"/>
</kw>
<kw name="Append To List" library="Collections">
<arg>${rows}</arg>
<arg>${row}</arg>
<doc>Adds ``values`` to the end of ``list``.</doc>
<status status="PASS" starttime="20211013 12:44:39.652" endtime="20211013 12:44:39.652"/>
</kw>
<status status="PASS" starttime="20211013 12:44:39.646" endtime="20211013 12:44:39.653"/>
</iter>
<iter>
<var name="${index}">93</var>
<kw name="Create List" library="BuiltIn">
<var>@{row}</var>
<arg>${response.json()}[${index}][userId]</arg>
<arg>${response.json()}[${index}][id]</arg>
<arg>${response.json()}[${index}][title]</arg>
<arg>${response.json()}[${index}][body]</arg>
<doc>Returns a list containing given items.</doc>
<msg timestamp="20211013 12:44:39.662" level="INFO">@{row} = [ 10 | 94 | qui qui voluptates illo iste minima | aspernatur expedita soluta quo ab ut similique
expedita dolores amet
sed temporibus distinctio magnam saepe deleniti
omnis facilis nam ipsum natus sin...</msg>
<status status="PASS" starttime="20211013 12:44:39.653" endtime="20211013 12:44:39.662"/>
</kw>
<kw name="Append To List" library="Collections">
<arg>${rows}</arg>
<arg>${row}</arg>
<doc>Adds ``values`` to the end of ``list``.</doc>
<status status="PASS" starttime="20211013 12:44:39.662" endtime="20211013 12:44:39.663"/>
</kw>
<status status="PASS" starttime="20211013 12:44:39.653" endtime="20211013 12:44:39.664"/>
</iter>
<iter>
<var name="${index}">94</var>
<kw name="Create List" library="BuiltIn">
<var>@{row}</var>
<arg>${response.json()}[${index}][userId]</arg>
<arg>${response.json()}[${index}][id]</arg>
<arg>${response.json()}[${index}][title]</arg>
<arg>${response.json()}[${index}][body]</arg>
<doc>Returns a list containing given items.</doc>
<msg timestamp="20211013 12:44:39.671" level="INFO">@{row} = [ 10 | 95 | id minus libero illum nam ad officiis | earum voluptatem facere provident blanditiis velit laboriosam
pariatur accusamus odio saepe
cumque dolor qui a dicta ab doloribus consequatur omnis
...</msg>
<status status="PASS" starttime="20211013 12:44:39.665" endtime="20211013 12:44:39.671"/>
</kw>
<kw name="Append To List" library="Collections">
<arg>${rows}</arg>
<arg>${row}</arg>
<doc>Adds ``values`` to the end of ``list``.</doc>
<status status="PASS" starttime="20211013 12:44:39.672" endtime="20211013 12:44:39.672"/>
</kw>
<status status="PASS" starttime="20211013 12:44:39.664" endtime="20211013 12:44:39.672"/>
</iter>
<iter>
<var name="${index}">95</var>
<kw name="Create List" library="BuiltIn">
<var>@{row}</var>
<arg>${response.json()}[${index}][userId]</arg>
<arg>${response.json()}[${index}][id]</arg>
<arg>${response.json()}[${index}][title]</arg>
<arg>${response.json()}[${index}][body]</arg>
<doc>Returns a list containing given items.</doc>
<msg timestamp="20211013 12:44:39.678" level="INFO">@{row} = [ 10 | 96 | quaerat velit veniam amet cupiditate aut numquam ut sequi | in non odio excepturi sint eum
labore voluptates vitae quia qui et
inventore itaque rerum
veniam non exercitationem delectus aut...</msg>
<status status="PASS" starttime="20211013 12:44:39.673" endtime="20211013 12:44:39.678"/>
</kw>
<kw name="Append To List" library="Collections">
<arg>${rows}</arg>
<arg>${row}</arg>
<doc>Adds ``values`` to the end of ``list``.</doc>
<status status="PASS" starttime="20211013 12:44:39.679" endtime="20211013 12:44:39.680"/>
</kw>
<status status="PASS" starttime="20211013 12:44:39.672" endtime="20211013 12:44:39.680"/>
</iter>
<iter>
<var name="${index}">96</var>
<kw name="Create List" library="BuiltIn">
<var>@{row}</var>
<arg>${response.json()}[${index}][userId]</arg>
<arg>${response.json()}[${index}][id]</arg>
<arg>${response.json()}[${index}][title]</arg>
<arg>${response.json()}[${index}][body]</arg>
<doc>Returns a list containing given items.</doc>
<msg timestamp="20211013 12:44:39.687" level="INFO">@{row} = [ 10 | 97 | quas fugiat ut perspiciatis vero provident | eum non blanditiis soluta porro quibusdam voluptas
vel voluptatem qui placeat dolores qui velit aut
vel inventore aut cumque culpa explicabo al...</msg>
<status status="PASS" starttime="20211013 12:44:39.681" endtime="20211013 12:44:39.687"/>
</kw>
<kw name="Append To List" library="Collections">
<arg>${rows}</arg>
<arg>${row}</arg>
<doc>Adds ``values`` to the end of ``list``.</doc>
<status status="PASS" starttime="20211013 12:44:39.687" endtime="20211013 12:44:39.688"/>
</kw>
<status status="PASS" starttime="20211013 12:44:39.681" endtime="20211013 12:44:39.688"/>
</iter>
<iter>
<var name="${index}">97</var>
<kw name="Create List" library="BuiltIn">
<var>@{row}</var>
<arg>${response.json()}[${index}][userId]</arg>
<arg>${response.json()}[${index}][id]</arg>
<arg>${response.json()}[${index}][title]</arg>
<arg>${response.json()}[${index}][body]</arg>
<doc>Returns a list containing given items.</doc>
<msg timestamp="20211013 12:44:39.694" level="INFO">@{row} = [ 10 | 98 | laboriosam dolor voluptates | doloremque ex facilis sit sint culpa
soluta assumenda eligendi non ut eius
sequi ducimus vel quasi
veritatis est dolores ]</msg>
<status status="PASS" starttime="20211013 12:44:39.689" endtime="20211013 12:44:39.694"/>
</kw>
<kw name="Append To List" library="Collections">
<arg>${rows}</arg>
<arg>${row}</arg>
<doc>Adds ``values`` to the end of ``list``.</doc>
<status status="PASS" starttime="20211013 12:44:39.695" endtime="20211013 12:44:39.695"/>
</kw>
<status status="PASS" starttime="20211013 12:44:39.689" endtime="20211013 12:44:39.695"/>
</iter>
<iter>
<var name="${index}">98</var>
<kw name="Create List" library="BuiltIn">
<var>@{row}</var>
<arg>${response.json()}[${index}][userId]</arg>
<arg>${response.json()}[${index}][id]</arg>
<arg>${response.json()}[${index}][title]</arg>
<arg>${response.json()}[${index}][body]</arg>
<doc>Returns a list containing given items.</doc>
<msg timestamp="20211013 12:44:39.700" level="INFO">@{row} = [ 10 | 99 | temporibus sit alias delectus eligendi possimus magni | quo deleniti praesentium dicta non quod
aut est molestias
molestias et officia quis nihil
itaque dolorem quia ]</msg>
<status status="PASS" starttime="20211013 12:44:39.695" endtime="20211013 12:44:39.700"/>
</kw>
<kw name="Append To List" library="Collections">
<arg>${rows}</arg>
<arg>${row}</arg>
<doc>Adds ``values`` to the end of ``list``.</doc>
<status status="PASS" starttime="20211013 12:44:39.700" endtime="20211013 12:44:39.701"/>
</kw>
<status status="PASS" starttime="20211013 12:44:39.695" endtime="20211013 12:44:39.701"/>
</iter>
<iter>
<var name="${index}">99</var>
<kw name="Create List" library="BuiltIn">
<var>@{row}</var>
<arg>${response.json()}[${index}][userId]</arg>
<arg>${response.json()}[${index}][id]</arg>
<arg>${response.json()}[${index}][title]</arg>
<arg>${response.json()}[${index}][body]</arg>
<doc>Returns a list containing given items.</doc>
<msg timestamp="20211013 12:44:39.707" level="INFO">@{row} = [ 10 | 100 | at nam consequatur ea labore ea harum | cupiditate quo est a modi nesciunt soluta
ipsa voluptas error itaque dicta in
autem qui minus magnam et distinctio eum
accusamus ratione error aut ...</msg>
<status status="PASS" starttime="20211013 12:44:39.701" endtime="20211013 12:44:39.707"/>
</kw>
<kw name="Append To List" library="Collections">
<arg>${rows}</arg>
<arg>${row}</arg>
<doc>Adds ``values`` to the end of ``list``.</doc>
<status status="PASS" starttime="20211013 12:44:39.708" endtime="20211013 12:44:39.708"/>
</kw>
<status status="PASS" starttime="20211013 12:44:39.701" endtime="20211013 12:44:39.708"/>
</iter>
<status status="PASS" starttime="20211013 12:44:38.816" endtime="20211013 12:44:39.708"/>
</for>
<kw name="Append Rows To Worksheet" library="RPA.Excel.Files">
<arg>${rows}</arg>
<doc>Append values to the end of the worksheet.</doc>
<status status="PASS" starttime="20211013 12:44:39.709" endtime="20211013 12:44:39.717"/>
</kw>
<kw name="Save Workbook" library="RPA.Excel.Files">
<doc>Save the active workbook.</doc>
<status status="PASS" starttime="20211013 12:44:39.718" endtime="20211013 12:44:39.763"/>
</kw>
<status status="PASS" starttime="20211013 12:44:38.279" endtime="20211013 12:44:39.764"/>
</test>
<status status="PASS" starttime="20211013 12:44:37.096" endtime="20211013 12:44:39.767"/>
</suite>
<statistics>
<total>
<stat pass="1" fail="0" skip="0">All Tests</stat>
</total>
<tag>
</tag>
<suite>
<stat pass="1" fail="0" skip="0" id="s1" name="Excel With Get">Excel With Get</stat>
</suite>
</statistics>
<errors>
</errors>
</robot>
